{"/Users/theo/dev/canvas-mcp/src/canvas-client.ts": {"path":"/Users/theo/dev/canvas-mcp/src/canvas-client.ts","statementMap":{"0":{"start":{"line":54,"column":40},"end":{"line":54,"column":null}},"1":{"start":{"line":57,"column":18},"end":{"line":57,"column":null}},"2":{"start":{"line":60,"column":46},"end":{"line":60,"column":null}},"3":{"start":{"line":62,"column":41},"end":{"line":62,"column":null}},"4":{"start":{"line":64,"column":47},"end":{"line":64,"column":null}},"5":{"start":{"line":66,"column":40},"end":{"line":66,"column":null}},"6":{"start":{"line":68,"column":38},"end":{"line":68,"column":null}},"7":{"start":{"line":70,"column":48},"end":{"line":70,"column":null}},"8":{"start":{"line":73,"column":4},"end":{"line":73,"column":null}},"9":{"start":{"line":74,"column":4},"end":{"line":74,"column":null}},"10":{"start":{"line":76,"column":4},"end":{"line":80,"column":null}},"11":{"start":{"line":77,"column":6},"end":{"line":77,"column":null}},"12":{"start":{"line":79,"column":6},"end":{"line":79,"column":null}},"13":{"start":{"line":88,"column":4},"end":{"line":92,"column":null}},"14":{"start":{"line":89,"column":6},"end":{"line":89,"column":null}},"15":{"start":{"line":91,"column":6},"end":{"line":91,"column":null}},"16":{"start":{"line":100,"column":4},"end":{"line":113,"column":null}},"17":{"start":{"line":101,"column":23},"end":{"line":101,"column":null}},"18":{"start":{"line":103,"column":6},"end":{"line":103,"column":null}},"19":{"start":{"line":103,"column":55},"end":{"line":103,"column":null}},"20":{"start":{"line":105,"column":6},"end":{"line":105,"column":null}},"21":{"start":{"line":105,"column":63},"end":{"line":105,"column":null}},"22":{"start":{"line":106,"column":6},"end":{"line":106,"column":null}},"23":{"start":{"line":106,"column":58},"end":{"line":106,"column":null}},"24":{"start":{"line":107,"column":6},"end":{"line":107,"column":null}},"25":{"start":{"line":107,"column":66},"end":{"line":107,"column":null}},"26":{"start":{"line":109,"column":6},"end":{"line":109,"column":null}},"27":{"start":{"line":109,"column":49},"end":{"line":109,"column":null}},"28":{"start":{"line":110,"column":6},"end":{"line":110,"column":null}},"29":{"start":{"line":112,"column":6},"end":{"line":112,"column":null}},"30":{"start":{"line":120,"column":4},"end":{"line":120,"column":null}},"31":{"start":{"line":128,"column":22},"end":{"line":130,"column":null}},"32":{"start":{"line":132,"column":22},"end":{"line":134,"column":null}},"33":{"start":{"line":135,"column":4},"end":{"line":135,"column":null}},"34":{"start":{"line":141,"column":18},"end":{"line":141,"column":null}},"35":{"start":{"line":142,"column":4},"end":{"line":142,"column":null}},"36":{"start":{"line":142,"column":16},"end":{"line":142,"column":null}},"37":{"start":{"line":143,"column":4},"end":{"line":146,"column":null}},"38":{"start":{"line":144,"column":6},"end":{"line":144,"column":null}},"39":{"start":{"line":145,"column":6},"end":{"line":145,"column":null}},"40":{"start":{"line":148,"column":4},"end":{"line":148,"column":null}},"41":{"start":{"line":149,"column":4},"end":{"line":149,"column":null}},"42":{"start":{"line":150,"column":4},"end":{"line":150,"column":null}},"43":{"start":{"line":155,"column":4},"end":{"line":157,"column":null}},"44":{"start":{"line":156,"column":6},"end":{"line":156,"column":null}},"45":{"start":{"line":159,"column":4},"end":{"line":163,"column":null}},"46":{"start":{"line":160,"column":21},"end":{"line":160,"column":null}},"47":{"start":{"line":161,"column":6},"end":{"line":162,"column":null}},"48":{"start":{"line":161,"column":32},"end":{"line":161,"column":null}},"49":{"start":{"line":162,"column":11},"end":{"line":162,"column":null}},"50":{"start":{"line":164,"column":4},"end":{"line":164,"column":null}},"51":{"start":{"line":169,"column":16},"end":{"line":169,"column":null}},"52":{"start":{"line":170,"column":4},"end":{"line":174,"column":null}},"53":{"start":{"line":171,"column":6},"end":{"line":173,"column":null}},"54":{"start":{"line":172,"column":8},"end":{"line":172,"column":null}},"55":{"start":{"line":179,"column":4},"end":{"line":179,"column":null}},"56":{"start":{"line":193,"column":34},"end":{"line":193,"column":null}},"57":{"start":{"line":195,"column":4},"end":{"line":229,"column":null}},"58":{"start":{"line":195,"column":23},"end":{"line":195,"column":26}},"59":{"start":{"line":196,"column":6},"end":{"line":228,"column":null}},"60":{"start":{"line":197,"column":25},"end":{"line":200,"column":null}},"61":{"start":{"line":203,"column":8},"end":{"line":203,"column":null}},"62":{"start":{"line":203,"column":25},"end":{"line":203,"column":null}},"63":{"start":{"line":205,"column":28},"end":{"line":205,"column":null}},"64":{"start":{"line":206,"column":8},"end":{"line":209,"column":null}},"65":{"start":{"line":207,"column":28},"end":{"line":207,"column":null}},"66":{"start":{"line":208,"column":10},"end":{"line":208,"column":null}},"67":{"start":{"line":212,"column":27},"end":{"line":212,"column":null}},"68":{"start":{"line":214,"column":8},"end":{"line":219,"column":null}},"69":{"start":{"line":215,"column":25},"end":{"line":215,"column":null}},"70":{"start":{"line":216,"column":10},"end":{"line":216,"column":null}},"71":{"start":{"line":218,"column":10},"end":{"line":218,"column":null}},"72":{"start":{"line":221,"column":8},"end":{"line":221,"column":null}},"73":{"start":{"line":222,"column":8},"end":{"line":222,"column":null}},"74":{"start":{"line":223,"column":8},"end":{"line":223,"column":null}},"75":{"start":{"line":223,"column":37},"end":{"line":223,"column":65}},"76":{"start":{"line":225,"column":8},"end":{"line":225,"column":null}},"77":{"start":{"line":225,"column":67},"end":{"line":225,"column":null}},"78":{"start":{"line":226,"column":8},"end":{"line":226,"column":null}},"79":{"start":{"line":227,"column":8},"end":{"line":227,"column":null}},"80":{"start":{"line":227,"column":50},"end":{"line":227,"column":null}},"81":{"start":{"line":231,"column":4},"end":{"line":231,"column":null}},"82":{"start":{"line":238,"column":16},"end":{"line":240,"column":null}},"83":{"start":{"line":243,"column":4},"end":{"line":245,"column":null}},"84":{"start":{"line":244,"column":6},"end":{"line":244,"column":null}},"85":{"start":{"line":247,"column":33},"end":{"line":253,"column":null}},"86":{"start":{"line":255,"column":21},"end":{"line":255,"column":null}},"87":{"start":{"line":258,"column":19},"end":{"line":258,"column":null}},"88":{"start":{"line":259,"column":4},"end":{"line":264,"column":null}},"89":{"start":{"line":260,"column":6},"end":{"line":260,"column":null}},"90":{"start":{"line":262,"column":19},"end":{"line":262,"column":null}},"91":{"start":{"line":262,"column":51},"end":{"line":262,"column":65}},"92":{"start":{"line":263,"column":6},"end":{"line":263,"column":null}},"93":{"start":{"line":275,"column":25},"end":{"line":275,"column":null}},"94":{"start":{"line":276,"column":29},"end":{"line":278,"column":null}},"95":{"start":{"line":281,"column":4},"end":{"line":283,"column":null}},"96":{"start":{"line":282,"column":6},"end":{"line":282,"column":null}},"97":{"start":{"line":285,"column":20},"end":{"line":285,"column":null}},"98":{"start":{"line":287,"column":4},"end":{"line":325,"column":null}},"99":{"start":{"line":289,"column":6},"end":{"line":292,"column":null}},"100":{"start":{"line":290,"column":8},"end":{"line":290,"column":null}},"101":{"start":{"line":291,"column":8},"end":{"line":291,"column":null}},"102":{"start":{"line":295,"column":6},"end":{"line":298,"column":null}},"103":{"start":{"line":296,"column":8},"end":{"line":296,"column":null}},"104":{"start":{"line":297,"column":8},"end":{"line":297,"column":null}},"105":{"start":{"line":300,"column":35},"end":{"line":303,"column":null}},"106":{"start":{"line":305,"column":23},"end":{"line":305,"column":null}},"107":{"start":{"line":308,"column":26},"end":{"line":308,"column":null}},"108":{"start":{"line":309,"column":6},"end":{"line":314,"column":null}},"109":{"start":{"line":310,"column":8},"end":{"line":310,"column":null}},"110":{"start":{"line":312,"column":21},"end":{"line":312,"column":null}},"111":{"start":{"line":312,"column":58},"end":{"line":312,"column":72}},"112":{"start":{"line":313,"column":8},"end":{"line":313,"column":null}},"113":{"start":{"line":315,"column":6},"end":{"line":315,"column":null}},"114":{"start":{"line":318,"column":6},"end":{"line":321,"column":null}},"115":{"start":{"line":319,"column":8},"end":{"line":319,"column":null}},"116":{"start":{"line":320,"column":8},"end":{"line":320,"column":null}},"117":{"start":{"line":324,"column":6},"end":{"line":324,"column":null}},"118":{"start":{"line":327,"column":4},"end":{"line":327,"column":null}},"119":{"start":{"line":331,"column":4},"end":{"line":331,"column":null}},"120":{"start":{"line":331,"column":21},"end":{"line":331,"column":null}},"121":{"start":{"line":333,"column":18},"end":{"line":333,"column":null}},"122":{"start":{"line":334,"column":4},"end":{"line":337,"column":null}},"123":{"start":{"line":335,"column":20},"end":{"line":335,"column":null}},"124":{"start":{"line":336,"column":6},"end":{"line":336,"column":null}},"125":{"start":{"line":336,"column":17},"end":{"line":336,"column":null}},"126":{"start":{"line":338,"column":4},"end":{"line":338,"column":null}},"127":{"start":{"line":342,"column":25},"end":{"line":342,"column":null}},"128":{"start":{"line":344,"column":4},"end":{"line":352,"column":null}},"129":{"start":{"line":345,"column":6},"end":{"line":345,"column":null}},"130":{"start":{"line":345,"column":49},"end":{"line":345,"column":null}},"131":{"start":{"line":347,"column":6},"end":{"line":351,"column":null}},"132":{"start":{"line":348,"column":8},"end":{"line":348,"column":null}},"133":{"start":{"line":348,"column":27},"end":{"line":348,"column":69}},"134":{"start":{"line":350,"column":8},"end":{"line":350,"column":null}},"135":{"start":{"line":354,"column":24},"end":{"line":354,"column":null}},"136":{"start":{"line":355,"column":4},"end":{"line":355,"column":null}},"137":{"start":{"line":361,"column":21},"end":{"line":361,"column":null}},"138":{"start":{"line":362,"column":19},"end":{"line":362,"column":null}},"139":{"start":{"line":363,"column":4},"end":{"line":363,"column":null}},"140":{"start":{"line":363,"column":16},"end":{"line":363,"column":null}},"141":{"start":{"line":365,"column":18},"end":{"line":365,"column":null}},"142":{"start":{"line":366,"column":20},"end":{"line":366,"column":null}},"143":{"start":{"line":367,"column":4},"end":{"line":367,"column":null}},"144":{"start":{"line":368,"column":4},"end":{"line":368,"column":null}},"145":{"start":{"line":375,"column":4},"end":{"line":379,"column":null}},"146":{"start":{"line":386,"column":20},"end":{"line":386,"column":null}},"147":{"start":{"line":387,"column":4},"end":{"line":387,"column":null}},"148":{"start":{"line":387,"column":28},"end":{"line":387,"column":44}},"149":{"start":{"line":391,"column":18},"end":{"line":391,"column":null}},"150":{"start":{"line":392,"column":4},"end":{"line":392,"column":null}},"151":{"start":{"line":400,"column":21},"end":{"line":400,"column":null}},"152":{"start":{"line":402,"column":19},"end":{"line":402,"column":null}},"153":{"start":{"line":403,"column":4},"end":{"line":403,"column":null}},"154":{"start":{"line":403,"column":16},"end":{"line":403,"column":null}},"155":{"start":{"line":405,"column":19},"end":{"line":405,"column":null}},"156":{"start":{"line":406,"column":4},"end":{"line":409,"column":null}},"157":{"start":{"line":407,"column":6},"end":{"line":407,"column":null}},"158":{"start":{"line":408,"column":6},"end":{"line":408,"column":null}},"159":{"start":{"line":411,"column":19},"end":{"line":411,"column":null}},"160":{"start":{"line":412,"column":4},"end":{"line":412,"column":null}},"161":{"start":{"line":413,"column":4},"end":{"line":413,"column":null}},"162":{"start":{"line":419,"column":21},"end":{"line":419,"column":null}},"163":{"start":{"line":420,"column":19},"end":{"line":420,"column":null}},"164":{"start":{"line":421,"column":4},"end":{"line":421,"column":null}},"165":{"start":{"line":421,"column":16},"end":{"line":421,"column":null}},"166":{"start":{"line":423,"column":17},"end":{"line":423,"column":null}},"167":{"start":{"line":424,"column":4},"end":{"line":424,"column":null}},"168":{"start":{"line":425,"column":4},"end":{"line":425,"column":null}},"169":{"start":{"line":434,"column":21},"end":{"line":434,"column":null}},"170":{"start":{"line":435,"column":19},"end":{"line":435,"column":null}},"171":{"start":{"line":436,"column":4},"end":{"line":436,"column":null}},"172":{"start":{"line":436,"column":16},"end":{"line":436,"column":null}},"173":{"start":{"line":438,"column":18},"end":{"line":438,"column":null}},"174":{"start":{"line":439,"column":19},"end":{"line":441,"column":null}},"175":{"start":{"line":442,"column":4},"end":{"line":442,"column":null}},"176":{"start":{"line":443,"column":4},"end":{"line":443,"column":null}},"177":{"start":{"line":452,"column":21},"end":{"line":452,"column":null}},"178":{"start":{"line":453,"column":19},"end":{"line":453,"column":null}},"179":{"start":{"line":454,"column":4},"end":{"line":454,"column":null}},"180":{"start":{"line":454,"column":16},"end":{"line":454,"column":null}},"181":{"start":{"line":456,"column":18},"end":{"line":456,"column":null}},"182":{"start":{"line":457,"column":24},"end":{"line":459,"column":null}},"183":{"start":{"line":460,"column":4},"end":{"line":460,"column":null}},"184":{"start":{"line":461,"column":4},"end":{"line":461,"column":null}},"185":{"start":{"line":469,"column":18},"end":{"line":469,"column":null}},"186":{"start":{"line":470,"column":4},"end":{"line":472,"column":null}},"187":{"start":{"line":483,"column":18},"end":{"line":483,"column":null}},"188":{"start":{"line":484,"column":4},"end":{"line":486,"column":null}},"189":{"start":{"line":494,"column":42},"end":{"line":498,"column":null}},"190":{"start":{"line":500,"column":4},"end":{"line":502,"column":null}},"191":{"start":{"line":501,"column":6},"end":{"line":501,"column":null}},"192":{"start":{"line":503,"column":4},"end":{"line":505,"column":null}},"193":{"start":{"line":504,"column":6},"end":{"line":504,"column":null}},"194":{"start":{"line":506,"column":4},"end":{"line":508,"column":null}},"195":{"start":{"line":507,"column":6},"end":{"line":507,"column":null}},"196":{"start":{"line":510,"column":4},"end":{"line":516,"column":null}},"197":{"start":{"line":528,"column":4},"end":{"line":538,"column":null}},"198":{"start":{"line":548,"column":21},"end":{"line":548,"column":null}},"199":{"start":{"line":550,"column":4},"end":{"line":552,"column":null}},"200":{"start":{"line":551,"column":6},"end":{"line":551,"column":null}},"201":{"start":{"line":555,"column":4},"end":{"line":563,"column":null}},"202":{"start":{"line":556,"column":22},"end":{"line":556,"column":null}},"203":{"start":{"line":557,"column":6},"end":{"line":557,"column":null}},"204":{"start":{"line":559,"column":6},"end":{"line":562,"column":null}},"205":{"start":{"line":565,"column":17},"end":{"line":565,"column":null}},"206":{"start":{"line":566,"column":4},"end":{"line":566,"column":null}},"207":{"start":{"line":568,"column":4},"end":{"line":570,"column":null}},"208":{"start":{"line":569,"column":6},"end":{"line":569,"column":null}},"209":{"start":{"line":572,"column":21},"end":{"line":576,"column":null}},"210":{"start":{"line":578,"column":4},"end":{"line":581,"column":null}},"211":{"start":{"line":579,"column":24},"end":{"line":579,"column":null}},"212":{"start":{"line":580,"column":6},"end":{"line":580,"column":null}},"213":{"start":{"line":583,"column":4},"end":{"line":583,"column":null}},"214":{"start":{"line":592,"column":18},"end":{"line":592,"column":null}},"215":{"start":{"line":593,"column":4},"end":{"line":593,"column":null}},"216":{"start":{"line":597,"column":4},"end":{"line":597,"column":null}},"217":{"start":{"line":603,"column":4},"end":{"line":605,"column":null}},"218":{"start":{"line":604,"column":6},"end":{"line":604,"column":null}},"219":{"start":{"line":607,"column":21},"end":{"line":610,"column":null}},"220":{"start":{"line":612,"column":4},"end":{"line":614,"column":null}},"221":{"start":{"line":613,"column":6},"end":{"line":613,"column":null}},"222":{"start":{"line":616,"column":4},"end":{"line":616,"column":null}},"223":{"start":{"line":625,"column":18},"end":{"line":625,"column":null}},"224":{"start":{"line":626,"column":4},"end":{"line":626,"column":null}},"225":{"start":{"line":630,"column":4},"end":{"line":630,"column":null}},"226":{"start":{"line":639,"column":21},"end":{"line":639,"column":null}},"227":{"start":{"line":640,"column":19},"end":{"line":640,"column":null}},"228":{"start":{"line":641,"column":4},"end":{"line":641,"column":null}},"229":{"start":{"line":641,"column":16},"end":{"line":641,"column":null}},"230":{"start":{"line":643,"column":18},"end":{"line":643,"column":null}},"231":{"start":{"line":644,"column":20},"end":{"line":644,"column":null}},"232":{"start":{"line":645,"column":4},"end":{"line":645,"column":null}},"233":{"start":{"line":646,"column":4},"end":{"line":646,"column":null}},"234":{"start":{"line":654,"column":18},"end":{"line":654,"column":null}},"235":{"start":{"line":655,"column":4},"end":{"line":657,"column":null}},"236":{"start":{"line":665,"column":18},"end":{"line":665,"column":null}},"237":{"start":{"line":666,"column":4},"end":{"line":668,"column":null}},"238":{"start":{"line":676,"column":18},"end":{"line":676,"column":null}},"239":{"start":{"line":677,"column":4},"end":{"line":677,"column":null}},"240":{"start":{"line":686,"column":18},"end":{"line":686,"column":null}},"241":{"start":{"line":687,"column":4},"end":{"line":689,"column":null}},"242":{"start":{"line":696,"column":4},"end":{"line":698,"column":null}},"243":{"start":{"line":705,"column":4},"end":{"line":707,"column":null}},"244":{"start":{"line":715,"column":4},"end":{"line":721,"column":null}},"245":{"start":{"line":730,"column":4},"end":{"line":736,"column":null}},"246":{"start":{"line":746,"column":18},"end":{"line":746,"column":null}},"247":{"start":{"line":747,"column":4},"end":{"line":749,"column":null}},"248":{"start":{"line":757,"column":18},"end":{"line":757,"column":null}},"249":{"start":{"line":758,"column":4},"end":{"line":758,"column":null}},"250":{"start":{"line":764,"column":4},"end":{"line":764,"column":null}},"251":{"start":{"line":772,"column":18},"end":{"line":772,"column":null}},"252":{"start":{"line":773,"column":4},"end":{"line":773,"column":null}},"253":{"start":{"line":779,"column":18},"end":{"line":779,"column":null}},"254":{"start":{"line":780,"column":4},"end":{"line":780,"column":null}},"255":{"start":{"line":786,"column":4},"end":{"line":789,"column":null}},"256":{"start":{"line":796,"column":4},"end":{"line":799,"column":null}},"257":{"start":{"line":803,"column":4},"end":{"line":805,"column":null}},"258":{"start":{"line":809,"column":4},"end":{"line":809,"column":null}},"259":{"start":{"line":815,"column":4},"end":{"line":818,"column":null}},"260":{"start":{"line":825,"column":4},"end":{"line":828,"column":null}},"261":{"start":{"line":838,"column":4},"end":{"line":854,"column":null}},"262":{"start":{"line":839,"column":6},"end":{"line":839,"column":null}},"263":{"start":{"line":842,"column":6},"end":{"line":852,"column":null}},"264":{"start":{"line":843,"column":26},"end":{"line":843,"column":null}},"265":{"start":{"line":844,"column":25},"end":{"line":846,"column":null}},"266":{"start":{"line":845,"column":15},"end":{"line":845,"column":null}},"267":{"start":{"line":847,"column":8},"end":{"line":851,"column":null}},"268":{"start":{"line":848,"column":10},"end":{"line":850,"column":null}},"269":{"start":{"line":853,"column":6},"end":{"line":853,"column":null}},"270":{"start":{"line":860,"column":21},"end":{"line":860,"column":null}},"271":{"start":{"line":861,"column":19},"end":{"line":861,"column":null}},"272":{"start":{"line":862,"column":4},"end":{"line":862,"column":null}},"273":{"start":{"line":862,"column":16},"end":{"line":862,"column":null}},"274":{"start":{"line":864,"column":20},"end":{"line":864,"column":null}},"275":{"start":{"line":865,"column":4},"end":{"line":865,"column":null}},"276":{"start":{"line":866,"column":4},"end":{"line":866,"column":null}},"277":{"start":{"line":876,"column":4},"end":{"line":876,"column":null}},"278":{"start":{"line":876,"column":27},"end":{"line":876,"column":null}},"279":{"start":{"line":877,"column":4},"end":{"line":882,"column":null}},"280":{"start":{"line":878,"column":22},"end":{"line":878,"column":null}},"281":{"start":{"line":879,"column":6},"end":{"line":879,"column":null}},"282":{"start":{"line":881,"column":6},"end":{"line":881,"column":null}},"283":{"start":{"line":883,"column":4},"end":{"line":883,"column":null}},"284":{"start":{"line":891,"column":14},"end":{"line":891,"column":null}},"285":{"start":{"line":892,"column":15},"end":{"line":892,"column":null}},"286":{"start":{"line":893,"column":4},"end":{"line":903,"column":null}},"287":{"start":{"line":894,"column":24},"end":{"line":899,"column":null}},"288":{"start":{"line":900,"column":6},"end":{"line":900,"column":null}},"289":{"start":{"line":902,"column":6},"end":{"line":902,"column":null}},"290":{"start":{"line":910,"column":4},"end":{"line":910,"column":null}},"291":{"start":{"line":929,"column":62},"end":{"line":943,"column":null}},"292":{"start":{"line":946,"column":23},"end":{"line":946,"column":null}},"293":{"start":{"line":947,"column":22},"end":{"line":947,"column":null}},"294":{"start":{"line":948,"column":28},"end":{"line":951,"column":null}},"295":{"start":{"line":949,"column":6},"end":{"line":950,"column":null}},"296":{"start":{"line":950,"column":28},"end":{"line":950,"column":72}},"297":{"start":{"line":954,"column":27},"end":{"line":954,"column":null}},"298":{"start":{"line":955,"column":32},"end":{"line":958,"column":null}},"299":{"start":{"line":956,"column":6},"end":{"line":957,"column":null}},"300":{"start":{"line":961,"column":30},"end":{"line":961,"column":null}},"301":{"start":{"line":962,"column":30},"end":{"line":962,"column":null}},"302":{"start":{"line":964,"column":38},"end":{"line":964,"column":null}},"303":{"start":{"line":965,"column":44},"end":{"line":965,"column":null}},"304":{"start":{"line":967,"column":4},"end":{"line":993,"column":null}},"305":{"start":{"line":968,"column":6},"end":{"line":992,"column":null}},"306":{"start":{"line":969,"column":8},"end":{"line":969,"column":null}},"307":{"start":{"line":969,"column":24},"end":{"line":969,"column":null}},"308":{"start":{"line":970,"column":8},"end":{"line":991,"column":null}},"309":{"start":{"line":971,"column":10},"end":{"line":983,"column":null}},"310":{"start":{"line":972,"column":12},"end":{"line":982,"column":null}},"311":{"start":{"line":984,"column":10},"end":{"line":990,"column":null}},"312":{"start":{"line":985,"column":12},"end":{"line":989,"column":null}},"313":{"start":{"line":995,"column":4},"end":{"line":1001,"column":null}},"314":{"start":{"line":1008,"column":24},"end":{"line":1011,"column":null}},"315":{"start":{"line":1013,"column":23},"end":{"line":1013,"column":null}},"316":{"start":{"line":1014,"column":4},"end":{"line":1014,"column":null}},"317":{"start":{"line":1016,"column":4},"end":{"line":1020,"column":null}},"318":{"start":{"line":1017,"column":6},"end":{"line":1017,"column":null}},"319":{"start":{"line":1017,"column":21},"end":{"line":1017,"column":null}},"320":{"start":{"line":1018,"column":22},"end":{"line":1018,"column":null}},"321":{"start":{"line":1019,"column":6},"end":{"line":1019,"column":null}},"322":{"start":{"line":1024,"column":4},"end":{"line":1027,"column":null}},"323":{"start":{"line":1035,"column":24},"end":{"line":1037,"column":null}},"324":{"start":{"line":1039,"column":4},"end":{"line":1043,"column":null}},"325":{"start":{"line":1040,"column":6},"end":{"line":1040,"column":null}},"326":{"start":{"line":1040,"column":21},"end":{"line":1040,"column":null}},"327":{"start":{"line":1041,"column":22},"end":{"line":1041,"column":null}},"328":{"start":{"line":1042,"column":6},"end":{"line":1042,"column":null}},"329":{"start":{"line":1051,"column":18},"end":{"line":1051,"column":null}},"330":{"start":{"line":1052,"column":4},"end":{"line":1052,"column":null}},"331":{"start":{"line":1058,"column":4},"end":{"line":1058,"column":null}},"332":{"start":{"line":1067,"column":18},"end":{"line":1067,"column":null}},"333":{"start":{"line":1068,"column":4},"end":{"line":1068,"column":null}},"334":{"start":{"line":1072,"column":4},"end":{"line":1072,"column":null}},"335":{"start":{"line":1079,"column":18},"end":{"line":1079,"column":null}},"336":{"start":{"line":1080,"column":4},"end":{"line":1080,"column":null}},"337":{"start":{"line":1087,"column":18},"end":{"line":1087,"column":null}},"338":{"start":{"line":1088,"column":4},"end":{"line":1088,"column":null}},"339":{"start":{"line":1096,"column":18},"end":{"line":1096,"column":null}},"340":{"start":{"line":1098,"column":4},"end":{"line":1100,"column":null}},"341":{"start":{"line":1099,"column":6},"end":{"line":1099,"column":null}},"342":{"start":{"line":1101,"column":4},"end":{"line":1101,"column":null}},"343":{"start":{"line":1105,"column":4},"end":{"line":1105,"column":null}},"344":{"start":{"line":1111,"column":4},"end":{"line":1111,"column":null}},"345":{"start":{"line":1116,"column":42},"end":{"line":1116,"column":null}},"346":{"start":{"line":1119,"column":2},"end":{"line":1130,"column":null}},"347":{"start":{"line":1120,"column":20},"end":{"line":1120,"column":null}},"348":{"start":{"line":1121,"column":21},"end":{"line":1121,"column":null}},"349":{"start":{"line":1123,"column":4},"end":{"line":1127,"column":null}},"350":{"start":{"line":1124,"column":6},"end":{"line":1126,"column":null}},"351":{"start":{"line":1129,"column":4},"end":{"line":1129,"column":null}},"352":{"start":{"line":1132,"column":2},"end":{"line":1132,"column":null}}},"fnMap":{"0":{"name":"(anonymous_0)","decl":{"start":{"line":72,"column":2},"end":{"line":72,"column":14}},"loc":{"start":{"line":72,"column":42},"end":{"line":81,"column":null}},"line":72},"1":{"name":"(anonymous_1)","decl":{"start":{"line":87,"column":10},"end":{"line":87,"column":23}},"loc":{"start":{"line":87,"column":45},"end":{"line":93,"column":null}},"line":87},"2":{"name":"(anonymous_2)","decl":{"start":{"line":99,"column":10},"end":{"line":99,"column":27}},"loc":{"start":{"line":99,"column":49},"end":{"line":114,"column":null}},"line":99},"3":{"name":"(anonymous_3)","decl":{"start":{"line":119,"column":10},"end":{"line":119,"column":30}},"loc":{"start":{"line":119,"column":96},"end":{"line":121,"column":null}},"line":119},"4":{"name":"(anonymous_4)","decl":{"start":{"line":126,"column":10},"end":{"line":126,"column":31}},"loc":{"start":{"line":126,"column":89},"end":{"line":136,"column":null}},"line":126},"5":{"name":"(anonymous_5)","decl":{"start":{"line":140,"column":10},"end":{"line":140,"column":23}},"loc":{"start":{"line":140,"column":46},"end":{"line":151,"column":null}},"line":140},"6":{"name":"(anonymous_6)","decl":{"start":{"line":153,"column":10},"end":{"line":153,"column":20}},"loc":{"start":{"line":153,"column":97},"end":{"line":165,"column":null}},"line":153},"7":{"name":"(anonymous_7)","decl":{"start":{"line":168,"column":10},"end":{"line":168,"column":31}},"loc":{"start":{"line":168,"column":31},"end":{"line":175,"column":null}},"line":168},"8":{"name":"(anonymous_8)","decl":{"start":{"line":178,"column":9},"end":{"line":178,"column":28}},"loc":{"start":{"line":178,"column":28},"end":{"line":180,"column":null}},"line":178},"9":{"name":"(anonymous_9)","decl":{"start":{"line":188,"column":16},"end":{"line":188,"column":null}},"loc":{"start":{"line":192,"column":23},"end":{"line":232,"column":null}},"line":192},"10":{"name":"(anonymous_10)","decl":{"start":{"line":223,"column":26},"end":{"line":223,"column":37}},"loc":{"start":{"line":223,"column":37},"end":{"line":223,"column":65}},"line":223},"11":{"name":"(anonymous_11)","decl":{"start":{"line":234,"column":16},"end":{"line":234,"column":null}},"loc":{"start":{"line":237,"column":16},"end":{"line":265,"column":null}},"line":237},"12":{"name":"(anonymous_12)","decl":{"start":{"line":262,"column":45},"end":{"line":262,"column":51}},"loc":{"start":{"line":262,"column":51},"end":{"line":262,"column":65}},"line":262},"13":{"name":"(anonymous_13)","decl":{"start":{"line":271,"column":16},"end":{"line":271,"column":null}},"loc":{"start":{"line":274,"column":18},"end":{"line":328,"column":null}},"line":274},"14":{"name":"(anonymous_14)","decl":{"start":{"line":312,"column":52},"end":{"line":312,"column":58}},"loc":{"start":{"line":312,"column":58},"end":{"line":312,"column":72}},"line":312},"15":{"name":"(anonymous_15)","decl":{"start":{"line":330,"column":10},"end":{"line":330,"column":25}},"loc":{"start":{"line":330,"column":67},"end":{"line":339,"column":null}},"line":330},"16":{"name":"(anonymous_16)","decl":{"start":{"line":341,"column":10},"end":{"line":341,"column":27}},"loc":{"start":{"line":341,"column":51},"end":{"line":356,"column":null}},"line":341},"17":{"name":"(anonymous_17)","decl":{"start":{"line":348,"column":22},"end":{"line":348,"column":27}},"loc":{"start":{"line":348,"column":27},"end":{"line":348,"column":69}},"line":348},"18":{"name":"(anonymous_18)","decl":{"start":{"line":360,"column":8},"end":{"line":360,"column":20}},"loc":{"start":{"line":360,"column":71},"end":{"line":369,"column":null}},"line":360},"19":{"name":"(anonymous_19)","decl":{"start":{"line":374,"column":8},"end":{"line":374,"column":25}},"loc":{"start":{"line":374,"column":64},"end":{"line":380,"column":null}},"line":374},"20":{"name":"(anonymous_20)","decl":{"start":{"line":385,"column":8},"end":{"line":385,"column":57}},"loc":{"start":{"line":385,"column":57},"end":{"line":388,"column":null}},"line":385},"21":{"name":"(anonymous_21)","decl":{"start":{"line":387,"column":23},"end":{"line":387,"column":28}},"loc":{"start":{"line":387,"column":28},"end":{"line":387,"column":44}},"line":387},"22":{"name":"(anonymous_22)","decl":{"start":{"line":390,"column":8},"end":{"line":390,"column":18}},"loc":{"start":{"line":390,"column":73},"end":{"line":393,"column":null}},"line":390},"23":{"name":"(anonymous_23)","decl":{"start":{"line":399,"column":8},"end":{"line":399,"column":26}},"loc":{"start":{"line":399,"column":99},"end":{"line":414,"column":null}},"line":399},"24":{"name":"(anonymous_24)","decl":{"start":{"line":418,"column":8},"end":{"line":418,"column":23}},"loc":{"start":{"line":418,"column":57},"end":{"line":426,"column":null}},"line":418},"25":{"name":"(anonymous_25)","decl":{"start":{"line":430,"column":8},"end":{"line":430,"column":null}},"loc":{"start":{"line":433,"column":32},"end":{"line":444,"column":null}},"line":433},"26":{"name":"(anonymous_26)","decl":{"start":{"line":448,"column":8},"end":{"line":448,"column":null}},"loc":{"start":{"line":451,"column":27},"end":{"line":462,"column":null}},"line":451},"27":{"name":"(anonymous_27)","decl":{"start":{"line":464,"column":8},"end":{"line":464,"column":null}},"loc":{"start":{"line":468,"column":25},"end":{"line":473,"column":null}},"line":468},"28":{"name":"(anonymous_28)","decl":{"start":{"line":477,"column":8},"end":{"line":477,"column":null}},"loc":{"start":{"line":482,"column":25},"end":{"line":487,"column":null}},"line":482},"29":{"name":"(anonymous_29)","decl":{"start":{"line":489,"column":8},"end":{"line":489,"column":null}},"loc":{"start":{"line":493,"column":25},"end":{"line":517,"column":null}},"line":493},"30":{"name":"(anonymous_30)","decl":{"start":{"line":521,"column":8},"end":{"line":521,"column":null}},"loc":{"start":{"line":527,"column":33},"end":{"line":539,"column":null}},"line":527},"31":{"name":"(anonymous_31)","decl":{"start":{"line":541,"column":8},"end":{"line":541,"column":null}},"loc":{"start":{"line":547,"column":42},"end":{"line":584,"column":null}},"line":547},"32":{"name":"(anonymous_32)","decl":{"start":{"line":588,"column":8},"end":{"line":588,"column":null}},"loc":{"start":{"line":591,"column":27},"end":{"line":594,"column":null}},"line":591},"33":{"name":"(anonymous_33)","decl":{"start":{"line":596,"column":8},"end":{"line":596,"column":16}},"loc":{"start":{"line":596,"column":53},"end":{"line":598,"column":null}},"line":596},"34":{"name":"(anonymous_34)","decl":{"start":{"line":600,"column":8},"end":{"line":600,"column":21}},"loc":{"start":{"line":600,"column":64},"end":{"line":617,"column":null}},"line":600},"35":{"name":"(anonymous_35)","decl":{"start":{"line":621,"column":8},"end":{"line":621,"column":null}},"loc":{"start":{"line":624,"column":21},"end":{"line":627,"column":null}},"line":624},"36":{"name":"(anonymous_36)","decl":{"start":{"line":629,"column":8},"end":{"line":629,"column":16}},"loc":{"start":{"line":629,"column":70},"end":{"line":631,"column":null}},"line":629},"37":{"name":"(anonymous_37)","decl":{"start":{"line":635,"column":8},"end":{"line":635,"column":null}},"loc":{"start":{"line":638,"column":23},"end":{"line":647,"column":null}},"line":638},"38":{"name":"(anonymous_38)","decl":{"start":{"line":649,"column":8},"end":{"line":649,"column":null}},"loc":{"start":{"line":653,"column":21},"end":{"line":658,"column":null}},"line":653},"39":{"name":"(anonymous_39)","decl":{"start":{"line":660,"column":8},"end":{"line":660,"column":null}},"loc":{"start":{"line":664,"column":27},"end":{"line":669,"column":null}},"line":664},"40":{"name":"(anonymous_40)","decl":{"start":{"line":673,"column":8},"end":{"line":673,"column":null}},"loc":{"start":{"line":675,"column":29},"end":{"line":678,"column":null}},"line":675},"41":{"name":"(anonymous_41)","decl":{"start":{"line":682,"column":8},"end":{"line":682,"column":null}},"loc":{"start":{"line":685,"column":32},"end":{"line":690,"column":null}},"line":685},"42":{"name":"(anonymous_42)","decl":{"start":{"line":692,"column":8},"end":{"line":692,"column":null}},"loc":{"start":{"line":695,"column":30},"end":{"line":699,"column":null}},"line":695},"43":{"name":"(anonymous_43)","decl":{"start":{"line":701,"column":8},"end":{"line":701,"column":null}},"loc":{"start":{"line":704,"column":32},"end":{"line":708,"column":null}},"line":704},"44":{"name":"(anonymous_44)","decl":{"start":{"line":710,"column":8},"end":{"line":710,"column":null}},"loc":{"start":{"line":714,"column":30},"end":{"line":722,"column":null}},"line":714},"45":{"name":"(anonymous_45)","decl":{"start":{"line":724,"column":8},"end":{"line":724,"column":null}},"loc":{"start":{"line":729,"column":30},"end":{"line":737,"column":null}},"line":729},"46":{"name":"(anonymous_46)","decl":{"start":{"line":741,"column":8},"end":{"line":741,"column":null}},"loc":{"start":{"line":745,"column":22},"end":{"line":750,"column":null}},"line":745},"47":{"name":"(anonymous_47)","decl":{"start":{"line":754,"column":8},"end":{"line":754,"column":null}},"loc":{"start":{"line":756,"column":30},"end":{"line":759,"column":null}},"line":756},"48":{"name":"(anonymous_48)","decl":{"start":{"line":763,"column":8},"end":{"line":763,"column":44}},"loc":{"start":{"line":763,"column":44},"end":{"line":765,"column":null}},"line":763},"49":{"name":"(anonymous_49)","decl":{"start":{"line":769,"column":8},"end":{"line":769,"column":null}},"loc":{"start":{"line":771,"column":28},"end":{"line":774,"column":null}},"line":771},"50":{"name":"(anonymous_50)","decl":{"start":{"line":776,"column":8},"end":{"line":776,"column":null}},"loc":{"start":{"line":778,"column":28},"end":{"line":781,"column":null}},"line":778},"51":{"name":"(anonymous_51)","decl":{"start":{"line":783,"column":8},"end":{"line":783,"column":null}},"loc":{"start":{"line":785,"column":26},"end":{"line":790,"column":null}},"line":785},"52":{"name":"(anonymous_52)","decl":{"start":{"line":792,"column":8},"end":{"line":792,"column":null}},"loc":{"start":{"line":795,"column":26},"end":{"line":800,"column":null}},"line":795},"53":{"name":"(anonymous_53)","decl":{"start":{"line":802,"column":8},"end":{"line":802,"column":26}},"loc":{"start":{"line":802,"column":64},"end":{"line":806,"column":null}},"line":802},"54":{"name":"(anonymous_54)","decl":{"start":{"line":808,"column":8},"end":{"line":808,"column":59}},"loc":{"start":{"line":808,"column":59},"end":{"line":810,"column":null}},"line":808},"55":{"name":"(anonymous_55)","decl":{"start":{"line":812,"column":8},"end":{"line":812,"column":null}},"loc":{"start":{"line":814,"column":30},"end":{"line":819,"column":null}},"line":814},"56":{"name":"(anonymous_56)","decl":{"start":{"line":821,"column":8},"end":{"line":821,"column":null}},"loc":{"start":{"line":824,"column":30},"end":{"line":829,"column":null}},"line":824},"57":{"name":"(anonymous_57)","decl":{"start":{"line":835,"column":8},"end":{"line":835,"column":null}},"loc":{"start":{"line":837,"column":30},"end":{"line":855,"column":null}},"line":837},"58":{"name":"(anonymous_58)","decl":{"start":{"line":845,"column":10},"end":{"line":845,"column":15}},"loc":{"start":{"line":845,"column":15},"end":{"line":845,"column":null}},"line":845},"59":{"name":"(anonymous_59)","decl":{"start":{"line":859,"column":8},"end":{"line":859,"column":47}},"loc":{"start":{"line":859,"column":47},"end":{"line":867,"column":null}},"line":859},"60":{"name":"(anonymous_60)","decl":{"start":{"line":875,"column":8},"end":{"line":875,"column":43}},"loc":{"start":{"line":875,"column":43},"end":{"line":884,"column":null}},"line":875},"61":{"name":"(anonymous_61)","decl":{"start":{"line":890,"column":2},"end":{"line":890,"column":21}},"loc":{"start":{"line":890,"column":42},"end":{"line":904,"column":null}},"line":890},"62":{"name":"(anonymous_62)","decl":{"start":{"line":909,"column":2},"end":{"line":909,"column":22}},"loc":{"start":{"line":909,"column":22},"end":{"line":911,"column":null}},"line":909},"63":{"name":"(anonymous_63)","decl":{"start":{"line":915,"column":8},"end":{"line":915,"column":null}},"loc":{"start":{"line":924,"column":5},"end":{"line":1002,"column":null}},"line":924},"64":{"name":"(anonymous_64)","decl":{"start":{"line":948,"column":46},"end":{"line":948,"column":null}},"loc":{"start":{"line":949,"column":6},"end":{"line":950,"column":null}},"line":949},"65":{"name":"(anonymous_65)","decl":{"start":{"line":950,"column":20},"end":{"line":950,"column":28}},"loc":{"start":{"line":950,"column":28},"end":{"line":950,"column":72}},"line":950},"66":{"name":"(anonymous_66)","decl":{"start":{"line":955,"column":54},"end":{"line":955,"column":null}},"loc":{"start":{"line":956,"column":6},"end":{"line":957,"column":null}},"line":956},"67":{"name":"(anonymous_67)","decl":{"start":{"line":1004,"column":8},"end":{"line":1004,"column":null}},"loc":{"start":{"line":1007,"column":27},"end":{"line":1021,"column":null}},"line":1007},"68":{"name":"(anonymous_68)","decl":{"start":{"line":1016,"column":30},"end":{"line":1016,"column":35}},"loc":{"start":{"line":1016,"column":35},"end":{"line":1020,"column":5}},"line":1016},"69":{"name":"(anonymous_69)","decl":{"start":{"line":1023,"column":8},"end":{"line":1023,"column":30}},"loc":{"start":{"line":1023,"column":71},"end":{"line":1028,"column":null}},"line":1023},"70":{"name":"(anonymous_70)","decl":{"start":{"line":1030,"column":8},"end":{"line":1030,"column":null}},"loc":{"start":{"line":1034,"column":27},"end":{"line":1044,"column":null}},"line":1034},"71":{"name":"(anonymous_71)","decl":{"start":{"line":1039,"column":30},"end":{"line":1039,"column":35}},"loc":{"start":{"line":1039,"column":35},"end":{"line":1043,"column":5}},"line":1039},"72":{"name":"(anonymous_72)","decl":{"start":{"line":1048,"column":8},"end":{"line":1048,"column":null}},"loc":{"start":{"line":1050,"column":29},"end":{"line":1053,"column":null}},"line":1050},"73":{"name":"(anonymous_73)","decl":{"start":{"line":1055,"column":8},"end":{"line":1055,"column":null}},"loc":{"start":{"line":1057,"column":27},"end":{"line":1059,"column":null}},"line":1057},"74":{"name":"(anonymous_74)","decl":{"start":{"line":1063,"column":8},"end":{"line":1063,"column":null}},"loc":{"start":{"line":1066,"column":23},"end":{"line":1069,"column":null}},"line":1066},"75":{"name":"(anonymous_75)","decl":{"start":{"line":1071,"column":8},"end":{"line":1071,"column":18}},"loc":{"start":{"line":1071,"column":53},"end":{"line":1073,"column":null}},"line":1071},"76":{"name":"(anonymous_76)","decl":{"start":{"line":1075,"column":8},"end":{"line":1075,"column":null}},"loc":{"start":{"line":1078,"column":27},"end":{"line":1081,"column":null}},"line":1078},"77":{"name":"(anonymous_77)","decl":{"start":{"line":1083,"column":8},"end":{"line":1083,"column":null}},"loc":{"start":{"line":1086,"column":23},"end":{"line":1089,"column":null}},"line":1086},"78":{"name":"(anonymous_78)","decl":{"start":{"line":1093,"column":8},"end":{"line":1093,"column":null}},"loc":{"start":{"line":1095,"column":35},"end":{"line":1102,"column":null}},"line":1095},"79":{"name":"(anonymous_79)","decl":{"start":{"line":1104,"column":8},"end":{"line":1104,"column":69}},"loc":{"start":{"line":1104,"column":69},"end":{"line":1106,"column":null}},"line":1104},"80":{"name":"(anonymous_80)","decl":{"start":{"line":1110,"column":8},"end":{"line":1110,"column":80}},"loc":{"start":{"line":1110,"column":80},"end":{"line":1112,"column":null}},"line":1110},"81":{"name":"getCanvasClient","decl":{"start":{"line":1118,"column":16},"end":{"line":1118,"column":48}},"loc":{"start":{"line":1118,"column":48},"end":{"line":1133,"column":null}},"line":1118}},"branchMap":{"0":{"loc":{"start":{"line":103,"column":6},"end":{"line":103,"column":null}},"type":"if","locations":[{"start":{"line":103,"column":6},"end":{"line":103,"column":null}},{"start":{},"end":{}}],"line":103},"1":{"loc":{"start":{"line":105,"column":6},"end":{"line":105,"column":null}},"type":"if","locations":[{"start":{"line":105,"column":6},"end":{"line":105,"column":null}},{"start":{},"end":{}}],"line":105},"2":{"loc":{"start":{"line":106,"column":6},"end":{"line":106,"column":null}},"type":"if","locations":[{"start":{"line":106,"column":6},"end":{"line":106,"column":null}},{"start":{},"end":{}}],"line":106},"3":{"loc":{"start":{"line":107,"column":6},"end":{"line":107,"column":null}},"type":"if","locations":[{"start":{"line":107,"column":6},"end":{"line":107,"column":null}},{"start":{},"end":{}}],"line":107},"4":{"loc":{"start":{"line":109,"column":6},"end":{"line":109,"column":null}},"type":"if","locations":[{"start":{"line":109,"column":6},"end":{"line":109,"column":null}},{"start":{},"end":{}}],"line":109},"5":{"loc":{"start":{"line":119,"column":30},"end":{"line":119,"column":96}},"type":"default-arg","locations":[{"start":{"line":119,"column":50},"end":{"line":119,"column":96}}],"line":119},"6":{"loc":{"start":{"line":132,"column":22},"end":{"line":134,"column":null}},"type":"cond-expr","locations":[{"start":{"line":133,"column":8},"end":{"line":133,"column":null}},{"start":{"line":134,"column":8},"end":{"line":134,"column":null}}],"line":132},"7":{"loc":{"start":{"line":142,"column":4},"end":{"line":142,"column":null}},"type":"if","locations":[{"start":{"line":142,"column":4},"end":{"line":142,"column":null}},{"start":{},"end":{}}],"line":142},"8":{"loc":{"start":{"line":143,"column":4},"end":{"line":146,"column":null}},"type":"if","locations":[{"start":{"line":143,"column":4},"end":{"line":146,"column":null}},{"start":{},"end":{}}],"line":143},"9":{"loc":{"start":{"line":153,"column":48},"end":{"line":153,"column":97}},"type":"default-arg","locations":[{"start":{"line":153,"column":64},"end":{"line":153,"column":97}}],"line":153},"10":{"loc":{"start":{"line":155,"column":4},"end":{"line":157,"column":null}},"type":"if","locations":[{"start":{"line":155,"column":4},"end":{"line":157,"column":null}},{"start":{},"end":{}}],"line":155},"11":{"loc":{"start":{"line":161,"column":6},"end":{"line":162,"column":null}},"type":"if","locations":[{"start":{"line":161,"column":6},"end":{"line":162,"column":null}},{"start":{"line":162,"column":11},"end":{"line":162,"column":null}}],"line":161},"12":{"loc":{"start":{"line":171,"column":6},"end":{"line":173,"column":null}},"type":"if","locations":[{"start":{"line":171,"column":6},"end":{"line":173,"column":null}},{"start":{},"end":{}}],"line":171},"13":{"loc":{"start":{"line":199,"column":18},"end":{"line":199,"column":null}},"type":"binary-expr","locations":[{"start":{"line":199,"column":18},"end":{"line":199,"column":34}},{"start":{"line":199,"column":34},"end":{"line":199,"column":null}}],"line":199},"14":{"loc":{"start":{"line":203,"column":8},"end":{"line":203,"column":null}},"type":"if","locations":[{"start":{"line":203,"column":8},"end":{"line":203,"column":null}},{"start":{},"end":{}}],"line":203},"15":{"loc":{"start":{"line":205,"column":28},"end":{"line":205,"column":null}},"type":"binary-expr","locations":[{"start":{"line":205,"column":28},"end":{"line":205,"column":55}},{"start":{"line":205,"column":55},"end":{"line":205,"column":null}}],"line":205},"16":{"loc":{"start":{"line":206,"column":8},"end":{"line":209,"column":null}},"type":"if","locations":[{"start":{"line":206,"column":8},"end":{"line":209,"column":null}},{"start":{},"end":{}}],"line":206},"17":{"loc":{"start":{"line":206,"column":12},"end":{"line":206,"column":66}},"type":"binary-expr","locations":[{"start":{"line":206,"column":12},"end":{"line":206,"column":28}},{"start":{"line":206,"column":28},"end":{"line":206,"column":66}}],"line":206},"18":{"loc":{"start":{"line":214,"column":8},"end":{"line":219,"column":null}},"type":"if","locations":[{"start":{"line":214,"column":8},"end":{"line":219,"column":null}},{"start":{"line":217,"column":15},"end":{"line":219,"column":null}}],"line":214},"19":{"loc":{"start":{"line":216,"column":20},"end":{"line":216,"column":null}},"type":"cond-expr","locations":[{"start":{"line":216,"column":37},"end":{"line":216,"column":68}},{"start":{"line":216,"column":68},"end":{"line":216,"column":null}}],"line":216},"20":{"loc":{"start":{"line":225,"column":8},"end":{"line":225,"column":null}},"type":"if","locations":[{"start":{"line":225,"column":8},"end":{"line":225,"column":null}},{"start":{},"end":{}}],"line":225},"21":{"loc":{"start":{"line":225,"column":12},"end":{"line":225,"column":67}},"type":"binary-expr","locations":[{"start":{"line":225,"column":12},"end":{"line":225,"column":38}},{"start":{"line":225,"column":38},"end":{"line":225,"column":67}}],"line":225},"22":{"loc":{"start":{"line":226,"column":20},"end":{"line":226,"column":null}},"type":"cond-expr","locations":[{"start":{"line":226,"column":45},"end":{"line":226,"column":53}},{"start":{"line":226,"column":53},"end":{"line":226,"column":null}}],"line":226},"23":{"loc":{"start":{"line":227,"column":8},"end":{"line":227,"column":null}},"type":"if","locations":[{"start":{"line":227,"column":8},"end":{"line":227,"column":null}},{"start":{},"end":{}}],"line":227},"24":{"loc":{"start":{"line":231,"column":10},"end":{"line":231,"column":null}},"type":"binary-expr","locations":[{"start":{"line":231,"column":10},"end":{"line":231,"column":23}},{"start":{"line":231,"column":23},"end":{"line":231,"column":null}}],"line":231},"25":{"loc":{"start":{"line":236,"column":4},"end":{"line":236,"column":null}},"type":"default-arg","locations":[{"start":{"line":236,"column":27},"end":{"line":236,"column":null}}],"line":236},"26":{"loc":{"start":{"line":238,"column":16},"end":{"line":240,"column":null}},"type":"cond-expr","locations":[{"start":{"line":239,"column":8},"end":{"line":239,"column":null}},{"start":{"line":240,"column":8},"end":{"line":240,"column":null}}],"line":238},"27":{"loc":{"start":{"line":243,"column":4},"end":{"line":245,"column":null}},"type":"if","locations":[{"start":{"line":243,"column":4},"end":{"line":245,"column":null}},{"start":{},"end":{}}],"line":243},"28":{"loc":{"start":{"line":243,"column":8},"end":{"line":243,"column":64}},"type":"binary-expr","locations":[{"start":{"line":243,"column":8},"end":{"line":243,"column":39}},{"start":{"line":243,"column":39},"end":{"line":243,"column":64}}],"line":243},"29":{"loc":{"start":{"line":249,"column":10},"end":{"line":251,"column":null}},"type":"cond-expr","locations":[{"start":{"line":250,"column":10},"end":{"line":250,"column":null}},{"start":{"line":251,"column":10},"end":{"line":251,"column":null}}],"line":249},"30":{"loc":{"start":{"line":249,"column":10},"end":{"line":249,"column":null}},"type":"binary-expr","locations":[{"start":{"line":249,"column":10},"end":{"line":249,"column":39}},{"start":{"line":249,"column":39},"end":{"line":249,"column":67}},{"start":{"line":249,"column":67},"end":{"line":249,"column":null}}],"line":249},"31":{"loc":{"start":{"line":273,"column":4},"end":{"line":273,"column":null}},"type":"default-arg","locations":[{"start":{"line":273,"column":27},"end":{"line":273,"column":null}}],"line":273},"32":{"loc":{"start":{"line":276,"column":29},"end":{"line":278,"column":null}},"type":"cond-expr","locations":[{"start":{"line":277,"column":8},"end":{"line":277,"column":null}},{"start":{"line":278,"column":8},"end":{"line":278,"column":null}}],"line":276},"33":{"loc":{"start":{"line":281,"column":4},"end":{"line":283,"column":null}},"type":"if","locations":[{"start":{"line":281,"column":4},"end":{"line":283,"column":null}},{"start":{},"end":{}}],"line":281},"34":{"loc":{"start":{"line":282,"column":13},"end":{"line":282,"column":null}},"type":"cond-expr","locations":[{"start":{"line":282,"column":33},"end":{"line":282,"column":51}},{"start":{"line":282,"column":51},"end":{"line":282,"column":null}}],"line":282},"35":{"loc":{"start":{"line":289,"column":6},"end":{"line":292,"column":null}},"type":"if","locations":[{"start":{"line":289,"column":6},"end":{"line":292,"column":null}},{"start":{},"end":{}}],"line":289},"36":{"loc":{"start":{"line":295,"column":6},"end":{"line":298,"column":null}},"type":"if","locations":[{"start":{"line":295,"column":6},"end":{"line":298,"column":null}},{"start":{},"end":{}}],"line":295},"37":{"loc":{"start":{"line":295,"column":10},"end":{"line":295,"column":61}},"type":"binary-expr","locations":[{"start":{"line":295,"column":10},"end":{"line":295,"column":36}},{"start":{"line":295,"column":36},"end":{"line":295,"column":61}}],"line":295},"38":{"loc":{"start":{"line":318,"column":6},"end":{"line":321,"column":null}},"type":"if","locations":[{"start":{"line":318,"column":6},"end":{"line":321,"column":null}},{"start":{},"end":{}}],"line":318},"39":{"loc":{"start":{"line":331,"column":4},"end":{"line":331,"column":null}},"type":"if","locations":[{"start":{"line":331,"column":4},"end":{"line":331,"column":null}},{"start":{},"end":{}}],"line":331},"40":{"loc":{"start":{"line":336,"column":6},"end":{"line":336,"column":null}},"type":"if","locations":[{"start":{"line":336,"column":6},"end":{"line":336,"column":null}},{"start":{},"end":{}}],"line":336},"41":{"loc":{"start":{"line":345,"column":6},"end":{"line":345,"column":null}},"type":"if","locations":[{"start":{"line":345,"column":6},"end":{"line":345,"column":null}},{"start":{},"end":{}}],"line":345},"42":{"loc":{"start":{"line":345,"column":10},"end":{"line":345,"column":49}},"type":"binary-expr","locations":[{"start":{"line":345,"column":10},"end":{"line":345,"column":33}},{"start":{"line":345,"column":33},"end":{"line":345,"column":49}}],"line":345},"43":{"loc":{"start":{"line":347,"column":6},"end":{"line":351,"column":null}},"type":"if","locations":[{"start":{"line":347,"column":6},"end":{"line":351,"column":null}},{"start":{"line":349,"column":13},"end":{"line":351,"column":null}}],"line":347},"44":{"loc":{"start":{"line":355,"column":11},"end":{"line":355,"column":null}},"type":"cond-expr","locations":[{"start":{"line":355,"column":25},"end":{"line":355,"column":45}},{"start":{"line":355,"column":45},"end":{"line":355,"column":null}}],"line":355},"45":{"loc":{"start":{"line":360,"column":20},"end":{"line":360,"column":71}},"type":"default-arg","locations":[{"start":{"line":360,"column":48},"end":{"line":360,"column":71}}],"line":360},"46":{"loc":{"start":{"line":363,"column":4},"end":{"line":363,"column":null}},"type":"if","locations":[{"start":{"line":363,"column":4},"end":{"line":363,"column":null}},{"start":{},"end":{}}],"line":363},"47":{"loc":{"start":{"line":378,"column":10},"end":{"line":378,"column":null}},"type":"cond-expr","locations":[{"start":{"line":378,"column":20},"end":{"line":378,"column":94}},{"start":{"line":378,"column":94},"end":{"line":378,"column":null}}],"line":378},"48":{"loc":{"start":{"line":391,"column":18},"end":{"line":391,"column":null}},"type":"cond-expr","locations":[{"start":{"line":391,"column":28},"end":{"line":391,"column":65}},{"start":{"line":391,"column":65},"end":{"line":391,"column":null}}],"line":391},"49":{"loc":{"start":{"line":403,"column":4},"end":{"line":403,"column":null}},"type":"if","locations":[{"start":{"line":403,"column":4},"end":{"line":403,"column":null}},{"start":{},"end":{}}],"line":403},"50":{"loc":{"start":{"line":406,"column":4},"end":{"line":409,"column":null}},"type":"if","locations":[{"start":{"line":406,"column":4},"end":{"line":409,"column":null}},{"start":{},"end":{}}],"line":406},"51":{"loc":{"start":{"line":421,"column":4},"end":{"line":421,"column":null}},"type":"if","locations":[{"start":{"line":421,"column":4},"end":{"line":421,"column":null}},{"start":{},"end":{}}],"line":421},"52":{"loc":{"start":{"line":432,"column":4},"end":{"line":432,"column":null}},"type":"default-arg","locations":[{"start":{"line":432,"column":41},"end":{"line":432,"column":null}}],"line":432},"53":{"loc":{"start":{"line":436,"column":4},"end":{"line":436,"column":null}},"type":"if","locations":[{"start":{"line":436,"column":4},"end":{"line":436,"column":null}},{"start":{},"end":{}}],"line":436},"54":{"loc":{"start":{"line":450,"column":4},"end":{"line":450,"column":null}},"type":"default-arg","locations":[{"start":{"line":450,"column":36},"end":{"line":450,"column":null}}],"line":450},"55":{"loc":{"start":{"line":454,"column":4},"end":{"line":454,"column":null}},"type":"if","locations":[{"start":{"line":454,"column":4},"end":{"line":454,"column":null}},{"start":{},"end":{}}],"line":454},"56":{"loc":{"start":{"line":469,"column":18},"end":{"line":469,"column":null}},"type":"cond-expr","locations":[{"start":{"line":469,"column":28},"end":{"line":469,"column":65}},{"start":{"line":469,"column":65},"end":{"line":469,"column":null}}],"line":469},"57":{"loc":{"start":{"line":480,"column":4},"end":{"line":480,"column":null}},"type":"default-arg","locations":[{"start":{"line":480,"column":30},"end":{"line":480,"column":null}}],"line":480},"58":{"loc":{"start":{"line":483,"column":18},"end":{"line":483,"column":null}},"type":"cond-expr","locations":[{"start":{"line":483,"column":28},"end":{"line":483,"column":65}},{"start":{"line":483,"column":65},"end":{"line":483,"column":null}}],"line":483},"59":{"loc":{"start":{"line":500,"column":4},"end":{"line":502,"column":null}},"type":"if","locations":[{"start":{"line":500,"column":4},"end":{"line":502,"column":null}},{"start":{},"end":{}}],"line":500},"60":{"loc":{"start":{"line":503,"column":4},"end":{"line":505,"column":null}},"type":"if","locations":[{"start":{"line":503,"column":4},"end":{"line":505,"column":null}},{"start":{},"end":{}}],"line":503},"61":{"loc":{"start":{"line":506,"column":4},"end":{"line":508,"column":null}},"type":"if","locations":[{"start":{"line":506,"column":4},"end":{"line":508,"column":null}},{"start":{},"end":{}}],"line":506},"62":{"loc":{"start":{"line":555,"column":4},"end":{"line":563,"column":null}},"type":"if","locations":[{"start":{"line":555,"column":4},"end":{"line":563,"column":null}},{"start":{"line":558,"column":11},"end":{"line":563,"column":null}}],"line":555},"63":{"loc":{"start":{"line":568,"column":4},"end":{"line":570,"column":null}},"type":"if","locations":[{"start":{"line":568,"column":4},"end":{"line":570,"column":null}},{"start":{},"end":{}}],"line":568},"64":{"loc":{"start":{"line":578,"column":4},"end":{"line":581,"column":null}},"type":"if","locations":[{"start":{"line":578,"column":4},"end":{"line":581,"column":null}},{"start":{},"end":{}}],"line":578},"65":{"loc":{"start":{"line":590,"column":4},"end":{"line":590,"column":null}},"type":"default-arg","locations":[{"start":{"line":590,"column":30},"end":{"line":590,"column":null}}],"line":590},"66":{"loc":{"start":{"line":603,"column":4},"end":{"line":605,"column":null}},"type":"if","locations":[{"start":{"line":603,"column":4},"end":{"line":605,"column":null}},{"start":{},"end":{}}],"line":603},"67":{"loc":{"start":{"line":612,"column":4},"end":{"line":614,"column":null}},"type":"if","locations":[{"start":{"line":612,"column":4},"end":{"line":614,"column":null}},{"start":{},"end":{}}],"line":612},"68":{"loc":{"start":{"line":623,"column":4},"end":{"line":623,"column":null}},"type":"default-arg","locations":[{"start":{"line":623,"column":30},"end":{"line":623,"column":null}}],"line":623},"69":{"loc":{"start":{"line":637,"column":4},"end":{"line":637,"column":null}},"type":"default-arg","locations":[{"start":{"line":637,"column":32},"end":{"line":637,"column":null}}],"line":637},"70":{"loc":{"start":{"line":641,"column":4},"end":{"line":641,"column":null}},"type":"if","locations":[{"start":{"line":641,"column":4},"end":{"line":641,"column":null}},{"start":{},"end":{}}],"line":641},"71":{"loc":{"start":{"line":654,"column":18},"end":{"line":654,"column":null}},"type":"cond-expr","locations":[{"start":{"line":654,"column":28},"end":{"line":654,"column":65}},{"start":{"line":654,"column":65},"end":{"line":654,"column":null}}],"line":654},"72":{"loc":{"start":{"line":665,"column":18},"end":{"line":665,"column":null}},"type":"cond-expr","locations":[{"start":{"line":665,"column":28},"end":{"line":665,"column":65}},{"start":{"line":665,"column":65},"end":{"line":665,"column":null}}],"line":665},"73":{"loc":{"start":{"line":686,"column":18},"end":{"line":686,"column":null}},"type":"cond-expr","locations":[{"start":{"line":686,"column":28},"end":{"line":686,"column":75}},{"start":{"line":686,"column":75},"end":{"line":686,"column":null}}],"line":686},"74":{"loc":{"start":{"line":746,"column":18},"end":{"line":746,"column":null}},"type":"cond-expr","locations":[{"start":{"line":746,"column":28},"end":{"line":746,"column":65}},{"start":{"line":746,"column":65},"end":{"line":746,"column":null}}],"line":746},"75":{"loc":{"start":{"line":755,"column":4},"end":{"line":755,"column":null}},"type":"default-arg","locations":[{"start":{"line":755,"column":39},"end":{"line":755,"column":null}}],"line":755},"76":{"loc":{"start":{"line":770,"column":4},"end":{"line":770,"column":null}},"type":"default-arg","locations":[{"start":{"line":770,"column":37},"end":{"line":770,"column":null}}],"line":770},"77":{"loc":{"start":{"line":777,"column":4},"end":{"line":777,"column":null}},"type":"default-arg","locations":[{"start":{"line":777,"column":37},"end":{"line":777,"column":null}}],"line":777},"78":{"loc":{"start":{"line":842,"column":6},"end":{"line":852,"column":null}},"type":"if","locations":[{"start":{"line":842,"column":6},"end":{"line":852,"column":null}},{"start":{},"end":{}}],"line":842},"79":{"loc":{"start":{"line":842,"column":10},"end":{"line":842,"column":67}},"type":"binary-expr","locations":[{"start":{"line":842,"column":10},"end":{"line":842,"column":36}},{"start":{"line":842,"column":36},"end":{"line":842,"column":67}}],"line":842},"80":{"loc":{"start":{"line":845,"column":15},"end":{"line":845,"column":null}},"type":"binary-expr","locations":[{"start":{"line":845,"column":15},"end":{"line":845,"column":61}},{"start":{"line":845,"column":61},"end":{"line":845,"column":null}}],"line":845},"81":{"loc":{"start":{"line":847,"column":8},"end":{"line":851,"column":null}},"type":"if","locations":[{"start":{"line":847,"column":8},"end":{"line":851,"column":null}},{"start":{},"end":{}}],"line":847},"82":{"loc":{"start":{"line":862,"column":4},"end":{"line":862,"column":null}},"type":"if","locations":[{"start":{"line":862,"column":4},"end":{"line":862,"column":null}},{"start":{},"end":{}}],"line":862},"83":{"loc":{"start":{"line":876,"column":4},"end":{"line":876,"column":null}},"type":"if","locations":[{"start":{"line":876,"column":4},"end":{"line":876,"column":null}},{"start":{},"end":{}}],"line":876},"84":{"loc":{"start":{"line":879,"column":26},"end":{"line":879,"column":null}},"type":"binary-expr","locations":[{"start":{"line":879,"column":26},"end":{"line":879,"column":47}},{"start":{"line":879,"column":47},"end":{"line":879,"column":null}}],"line":879},"85":{"loc":{"start":{"line":891,"column":14},"end":{"line":891,"column":null}},"type":"binary-expr","locations":[{"start":{"line":891,"column":14},"end":{"line":891,"column":22}},{"start":{"line":891,"column":22},"end":{"line":891,"column":null}}],"line":891},"86":{"loc":{"start":{"line":892,"column":15},"end":{"line":892,"column":null}},"type":"binary-expr","locations":[{"start":{"line":892,"column":15},"end":{"line":892,"column":36}},{"start":{"line":892,"column":36},"end":{"line":892,"column":null}}],"line":892},"87":{"loc":{"start":{"line":946,"column":23},"end":{"line":946,"column":null}},"type":"cond-expr","locations":[{"start":{"line":946,"column":56},"end":{"line":946,"column":72}},{"start":{"line":946,"column":72},"end":{"line":946,"column":null}}],"line":946},"88":{"loc":{"start":{"line":949,"column":6},"end":{"line":950,"column":null}},"type":"binary-expr","locations":[{"start":{"line":949,"column":6},"end":{"line":949,"column":null}},{"start":{"line":950,"column":6},"end":{"line":950,"column":null}}],"line":949},"89":{"loc":{"start":{"line":954,"column":27},"end":{"line":954,"column":null}},"type":"cond-expr","locations":[{"start":{"line":954,"column":64},"end":{"line":954,"column":84}},{"start":{"line":954,"column":84},"end":{"line":954,"column":null}}],"line":954},"90":{"loc":{"start":{"line":956,"column":6},"end":{"line":957,"column":null}},"type":"binary-expr","locations":[{"start":{"line":956,"column":6},"end":{"line":956,"column":null}},{"start":{"line":957,"column":7},"end":{"line":957,"column":20}},{"start":{"line":957,"column":20},"end":{"line":957,"column":null}}],"line":956},"91":{"loc":{"start":{"line":967,"column":4},"end":{"line":993,"column":null}},"type":"if","locations":[{"start":{"line":967,"column":4},"end":{"line":993,"column":null}},{"start":{},"end":{}}],"line":967},"92":{"loc":{"start":{"line":967,"column":8},"end":{"line":967,"column":48}},"type":"binary-expr","locations":[{"start":{"line":967,"column":8},"end":{"line":967,"column":29}},{"start":{"line":967,"column":29},"end":{"line":967,"column":48}}],"line":967},"93":{"loc":{"start":{"line":969,"column":8},"end":{"line":969,"column":null}},"type":"if","locations":[{"start":{"line":969,"column":8},"end":{"line":969,"column":null}},{"start":{},"end":{}}],"line":969},"94":{"loc":{"start":{"line":971,"column":10},"end":{"line":983,"column":null}},"type":"if","locations":[{"start":{"line":971,"column":10},"end":{"line":983,"column":null}},{"start":{},"end":{}}],"line":971},"95":{"loc":{"start":{"line":971,"column":14},"end":{"line":971,"column":105}},"type":"binary-expr","locations":[{"start":{"line":971,"column":14},"end":{"line":971,"column":35}},{"start":{"line":971,"column":35},"end":{"line":971,"column":59}},{"start":{"line":971,"column":59},"end":{"line":971,"column":105}}],"line":971},"96":{"loc":{"start":{"line":973,"column":23},"end":{"line":973,"column":null}},"type":"binary-expr","locations":[{"start":{"line":973,"column":23},"end":{"line":973,"column":42}},{"start":{"line":973,"column":42},"end":{"line":973,"column":null}}],"line":973},"97":{"loc":{"start":{"line":974,"column":19},"end":{"line":974,"column":null}},"type":"binary-expr","locations":[{"start":{"line":974,"column":19},"end":{"line":974,"column":36}},{"start":{"line":974,"column":36},"end":{"line":974,"column":null}}],"line":974},"98":{"loc":{"start":{"line":984,"column":10},"end":{"line":990,"column":null}},"type":"if","locations":[{"start":{"line":984,"column":10},"end":{"line":990,"column":null}},{"start":{},"end":{}}],"line":984},"99":{"loc":{"start":{"line":984,"column":14},"end":{"line":984,"column":105}},"type":"binary-expr","locations":[{"start":{"line":984,"column":14},"end":{"line":984,"column":35}},{"start":{"line":984,"column":35},"end":{"line":984,"column":59}},{"start":{"line":984,"column":59},"end":{"line":984,"column":105}}],"line":984},"100":{"loc":{"start":{"line":986,"column":18},"end":{"line":986,"column":null}},"type":"binary-expr","locations":[{"start":{"line":986,"column":18},"end":{"line":986,"column":37}},{"start":{"line":986,"column":37},"end":{"line":986,"column":null}}],"line":986},"101":{"loc":{"start":{"line":997,"column":19},"end":{"line":997,"column":null}},"type":"cond-expr","locations":[{"start":{"line":997,"column":56},"end":{"line":997,"column":76}},{"start":{"line":997,"column":76},"end":{"line":997,"column":null}}],"line":997},"102":{"loc":{"start":{"line":998,"column":13},"end":{"line":998,"column":null}},"type":"cond-expr","locations":[{"start":{"line":998,"column":44},"end":{"line":998,"column":58}},{"start":{"line":998,"column":58},"end":{"line":998,"column":null}}],"line":998},"103":{"loc":{"start":{"line":999,"column":13},"end":{"line":999,"column":null}},"type":"cond-expr","locations":[{"start":{"line":999,"column":44},"end":{"line":999,"column":58}},{"start":{"line":999,"column":58},"end":{"line":999,"column":null}}],"line":999},"104":{"loc":{"start":{"line":1006,"column":4},"end":{"line":1006,"column":null}},"type":"default-arg","locations":[{"start":{"line":1006,"column":24},"end":{"line":1006,"column":null}}],"line":1006},"105":{"loc":{"start":{"line":1017,"column":6},"end":{"line":1017,"column":null}},"type":"if","locations":[{"start":{"line":1017,"column":6},"end":{"line":1017,"column":null}},{"start":{},"end":{}}],"line":1017},"106":{"loc":{"start":{"line":1040,"column":6},"end":{"line":1040,"column":null}},"type":"if","locations":[{"start":{"line":1040,"column":6},"end":{"line":1040,"column":null}},{"start":{},"end":{}}],"line":1040},"107":{"loc":{"start":{"line":1042,"column":13},"end":{"line":1042,"column":null}},"type":"binary-expr","locations":[{"start":{"line":1042,"column":13},"end":{"line":1042,"column":37}},{"start":{"line":1042,"column":37},"end":{"line":1042,"column":null}}],"line":1042},"108":{"loc":{"start":{"line":1049,"column":4},"end":{"line":1049,"column":null}},"type":"default-arg","locations":[{"start":{"line":1049,"column":38},"end":{"line":1049,"column":null}}],"line":1049},"109":{"loc":{"start":{"line":1065,"column":4},"end":{"line":1065,"column":null}},"type":"default-arg","locations":[{"start":{"line":1065,"column":32},"end":{"line":1065,"column":null}}],"line":1065},"110":{"loc":{"start":{"line":1077,"column":4},"end":{"line":1077,"column":null}},"type":"default-arg","locations":[{"start":{"line":1077,"column":30},"end":{"line":1077,"column":null}}],"line":1077},"111":{"loc":{"start":{"line":1085,"column":4},"end":{"line":1085,"column":null}},"type":"default-arg","locations":[{"start":{"line":1085,"column":32},"end":{"line":1085,"column":null}}],"line":1085},"112":{"loc":{"start":{"line":1094,"column":4},"end":{"line":1094,"column":null}},"type":"default-arg","locations":[{"start":{"line":1094,"column":67},"end":{"line":1094,"column":null}}],"line":1094},"113":{"loc":{"start":{"line":1098,"column":4},"end":{"line":1100,"column":null}},"type":"if","locations":[{"start":{"line":1098,"column":4},"end":{"line":1100,"column":null}},{"start":{},"end":{}}],"line":1098},"114":{"loc":{"start":{"line":1119,"column":2},"end":{"line":1130,"column":null}},"type":"if","locations":[{"start":{"line":1119,"column":2},"end":{"line":1130,"column":null}},{"start":{},"end":{}}],"line":1119},"115":{"loc":{"start":{"line":1123,"column":4},"end":{"line":1127,"column":null}},"type":"if","locations":[{"start":{"line":1123,"column":4},"end":{"line":1127,"column":null}},{"start":{},"end":{}}],"line":1123},"116":{"loc":{"start":{"line":1123,"column":8},"end":{"line":1123,"column":31}},"type":"binary-expr","locations":[{"start":{"line":1123,"column":8},"end":{"line":1123,"column":20}},{"start":{"line":1123,"column":20},"end":{"line":1123,"column":31}}],"line":1123}},"s":{"0":23,"1":23,"2":1,"3":1,"4":1,"5":1,"6":1,"7":1,"8":23,"9":23,"10":23,"11":23,"12":0,"13":10,"14":10,"15":0,"16":0,"17":0,"18":0,"19":0,"20":0,"21":0,"22":0,"23":0,"24":0,"25":0,"26":0,"27":0,"28":0,"29":0,"30":38,"31":12,"32":12,"33":12,"34":11,"35":11,"36":10,"37":1,"38":0,"39":0,"40":1,"41":1,"42":1,"43":9,"44":0,"45":9,"46":0,"47":0,"48":0,"49":0,"50":9,"51":0,"52":0,"53":0,"54":0,"55":2,"56":23,"57":23,"58":23,"59":38,"60":38,"61":34,"62":19,"63":15,"64":38,"65":12,"66":12,"67":3,"68":3,"69":3,"70":3,"71":0,"72":3,"73":3,"74":3,"75":3,"76":16,"77":0,"78":16,"79":16,"80":4,"81":15,"82":13,"83":13,"84":0,"85":13,"86":13,"87":9,"88":9,"89":9,"90":1,"91":0,"92":1,"93":9,"94":9,"95":9,"96":9,"97":9,"98":9,"99":10,"100":0,"101":0,"102":10,"103":0,"104":0,"105":10,"106":10,"107":10,"108":10,"109":10,"110":0,"111":0,"112":0,"113":10,"114":10,"115":0,"116":0,"117":10,"118":9,"119":10,"120":9,"121":1,"122":1,"123":1,"124":1,"125":1,"126":0,"127":10,"128":10,"129":5,"130":1,"131":4,"132":3,"133":3,"134":1,"135":10,"136":10,"137":9,"138":9,"139":9,"140":1,"141":8,"142":8,"143":8,"144":8,"145":0,"146":0,"147":0,"148":0,"149":10,"150":10,"151":0,"152":0,"153":0,"154":0,"155":0,"156":0,"157":0,"158":0,"159":0,"160":0,"161":0,"162":0,"163":0,"164":0,"165":0,"166":0,"167":0,"168":0,"169":0,"170":0,"171":0,"172":0,"173":0,"174":0,"175":0,"176":0,"177":1,"178":1,"179":1,"180":0,"181":1,"182":1,"183":1,"184":1,"185":0,"186":0,"187":0,"188":0,"189":0,"190":0,"191":0,"192":0,"193":0,"194":0,"195":0,"196":0,"197":0,"198":0,"199":0,"200":0,"201":0,"202":0,"203":0,"204":0,"205":0,"206":0,"207":0,"208":0,"209":0,"210":0,"211":0,"212":0,"213":0,"214":0,"215":0,"216":0,"217":0,"218":0,"219":0,"220":0,"221":0,"222":0,"223":0,"224":0,"225":0,"226":0,"227":0,"228":0,"229":0,"230":0,"231":0,"232":0,"233":0,"234":0,"235":0,"236":0,"237":0,"238":0,"239":0,"240":0,"241":0,"242":0,"243":0,"244":0,"245":0,"246":0,"247":0,"248":0,"249":0,"250":0,"251":0,"252":0,"253":0,"254":0,"255":1,"256":0,"257":1,"258":0,"259":0,"260":0,"261":0,"262":0,"263":0,"264":0,"265":0,"266":0,"267":0,"268":0,"269":0,"270":1,"271":1,"272":1,"273":0,"274":1,"275":0,"276":0,"277":1,"278":0,"279":1,"280":1,"281":0,"282":1,"283":1,"284":1,"285":1,"286":1,"287":1,"288":1,"289":0,"290":1,"291":0,"292":0,"293":0,"294":0,"295":0,"296":0,"297":0,"298":0,"299":0,"300":0,"301":0,"302":0,"303":0,"304":0,"305":0,"306":0,"307":0,"308":0,"309":0,"310":0,"311":0,"312":0,"313":0,"314":0,"315":0,"316":0,"317":0,"318":0,"319":0,"320":0,"321":0,"322":0,"323":0,"324":0,"325":0,"326":0,"327":0,"328":0,"329":0,"330":0,"331":0,"332":0,"333":0,"334":0,"335":0,"336":0,"337":0,"338":0,"339":0,"340":0,"341":0,"342":0,"343":0,"344":0,"345":1,"346":0,"347":0,"348":0,"349":0,"350":0,"351":0,"352":0},"f":{"0":23,"1":10,"2":0,"3":38,"4":12,"5":11,"6":9,"7":0,"8":2,"9":23,"10":3,"11":13,"12":0,"13":9,"14":0,"15":10,"16":10,"17":3,"18":9,"19":0,"20":0,"21":0,"22":10,"23":0,"24":0,"25":0,"26":1,"27":0,"28":0,"29":0,"30":0,"31":0,"32":0,"33":0,"34":0,"35":0,"36":0,"37":0,"38":0,"39":0,"40":0,"41":0,"42":0,"43":0,"44":0,"45":0,"46":0,"47":0,"48":0,"49":0,"50":0,"51":1,"52":0,"53":1,"54":0,"55":0,"56":0,"57":0,"58":0,"59":1,"60":1,"61":1,"62":1,"63":0,"64":0,"65":0,"66":0,"67":0,"68":0,"69":0,"70":0,"71":0,"72":0,"73":0,"74":0,"75":0,"76":0,"77":0,"78":0,"79":0,"80":0,"81":0},"b":{"0":[0,0],"1":[0,0],"2":[0,0],"3":[0,0],"4":[0,0],"5":[38],"6":[4,8],"7":[10,1],"8":[0,1],"9":[9],"10":[0,9],"11":[0,0],"12":[0,0],"13":[38,38],"14":[19,15],"15":[15,14],"16":[12,26],"17":[38,3],"18":[3,0],"19":[0,3],"20":[0,16],"21":[16,16],"22":[16,0],"23":[4,12],"24":[15,0],"25":[13],"26":[0,13],"27":[0,13],"28":[13,0],"29":[2,11],"30":[13,12,12],"31":[9],"32":[0,9],"33":[9,0],"34":[2,7],"35":[0,10],"36":[0,10],"37":[10,10],"38":[0,10],"39":[9,1],"40":[1,0],"41":[1,4],"42":[5,4],"43":[3,1],"44":[3,7],"45":[9],"46":[1,8],"47":[0,0],"48":[1,9],"49":[0,0],"50":[0,0],"51":[0,0],"52":[0],"53":[0,0],"54":[1],"55":[0,1],"56":[0,0],"57":[0],"58":[0,0],"59":[0,0],"60":[0,0],"61":[0,0],"62":[0,0],"63":[0,0],"64":[0,0],"65":[0],"66":[0,0],"67":[0,0],"68":[0],"69":[0],"70":[0,0],"71":[0,0],"72":[0,0],"73":[0,0],"74":[0,0],"75":[0],"76":[0],"77":[0],"78":[0,0],"79":[0,0],"80":[0,0],"81":[0,0],"82":[0,1],"83":[0,1],"84":[0,0],"85":[1,0],"86":[1,1],"87":[0,0],"88":[0,0],"89":[0,0],"90":[0,0,0],"91":[0,0],"92":[0,0],"93":[0,0],"94":[0,0],"95":[0,0,0],"96":[0,0],"97":[0,0],"98":[0,0],"99":[0,0,0],"100":[0,0],"101":[0,0],"102":[0,0],"103":[0,0],"104":[0],"105":[0,0],"106":[0,0],"107":[0,0],"108":[0],"109":[0],"110":[0],"111":[0],"112":[0],"113":[0,0],"114":[0,0],"115":[0,0],"116":[0,0]},"meta":{"lastBranch":117,"lastFunction":82,"lastStatement":353,"seen":{"s:54:40:54:Infinity":0,"s:57:18:57:Infinity":1,"s:60:46:60:Infinity":2,"s:62:41:62:Infinity":3,"s:64:47:64:Infinity":4,"s:66:40:66:Infinity":5,"s:68:38:68:Infinity":6,"s:70:48:70:Infinity":7,"f:72:2:72:14":0,"s:73:4:73:Infinity":8,"s:74:4:74:Infinity":9,"s:76:4:80:Infinity":10,"s:77:6:77:Infinity":11,"s:79:6:79:Infinity":12,"f:87:10:87:23":1,"s:88:4:92:Infinity":13,"s:89:6:89:Infinity":14,"s:91:6:91:Infinity":15,"f:99:10:99:27":2,"s:100:4:113:Infinity":16,"s:101:23:101:Infinity":17,"b:103:6:103:Infinity:undefined:undefined:undefined:undefined":0,"s:103:6:103:Infinity":18,"s:103:55:103:Infinity":19,"b:105:6:105:Infinity:undefined:undefined:undefined:undefined":1,"s:105:6:105:Infinity":20,"s:105:63:105:Infinity":21,"b:106:6:106:Infinity:undefined:undefined:undefined:undefined":2,"s:106:6:106:Infinity":22,"s:106:58:106:Infinity":23,"b:107:6:107:Infinity:undefined:undefined:undefined:undefined":3,"s:107:6:107:Infinity":24,"s:107:66:107:Infinity":25,"b:109:6:109:Infinity:undefined:undefined:undefined:undefined":4,"s:109:6:109:Infinity":26,"s:109:49:109:Infinity":27,"s:110:6:110:Infinity":28,"s:112:6:112:Infinity":29,"f:119:10:119:30":3,"b:119:50:119:96":5,"s:120:4:120:Infinity":30,"f:126:10:126:31":4,"s:128:22:130:Infinity":31,"s:132:22:134:Infinity":32,"b:133:8:133:Infinity:134:8:134:Infinity":6,"s:135:4:135:Infinity":33,"f:140:10:140:23":5,"s:141:18:141:Infinity":34,"b:142:4:142:Infinity:undefined:undefined:undefined:undefined":7,"s:142:4:142:Infinity":35,"s:142:16:142:Infinity":36,"b:143:4:146:Infinity:undefined:undefined:undefined:undefined":8,"s:143:4:146:Infinity":37,"s:144:6:144:Infinity":38,"s:145:6:145:Infinity":39,"s:148:4:148:Infinity":40,"s:149:4:149:Infinity":41,"s:150:4:150:Infinity":42,"f:153:10:153:20":6,"b:153:64:153:97":9,"b:155:4:157:Infinity:undefined:undefined:undefined:undefined":10,"s:155:4:157:Infinity":43,"s:156:6:156:Infinity":44,"s:159:4:163:Infinity":45,"s:160:21:160:Infinity":46,"b:161:6:162:Infinity:162:11:162:Infinity":11,"s:161:6:162:Infinity":47,"s:161:32:161:Infinity":48,"s:162:11:162:Infinity":49,"s:164:4:164:Infinity":50,"f:168:10:168:31":7,"s:169:16:169:Infinity":51,"s:170:4:174:Infinity":52,"b:171:6:173:Infinity:undefined:undefined:undefined:undefined":12,"s:171:6:173:Infinity":53,"s:172:8:172:Infinity":54,"f:178:9:178:28":8,"s:179:4:179:Infinity":55,"f:188:16:188:Infinity":9,"s:193:34:193:Infinity":56,"s:195:4:229:Infinity":57,"s:195:23:195:26":58,"s:196:6:228:Infinity":59,"s:197:25:200:Infinity":60,"b:199:18:199:34:199:34:199:Infinity":13,"b:203:8:203:Infinity:undefined:undefined:undefined:undefined":14,"s:203:8:203:Infinity":61,"s:203:25:203:Infinity":62,"s:205:28:205:Infinity":63,"b:205:28:205:55:205:55:205:Infinity":15,"b:206:8:209:Infinity:undefined:undefined:undefined:undefined":16,"s:206:8:209:Infinity":64,"b:206:12:206:28:206:28:206:66":17,"s:207:28:207:Infinity":65,"s:208:10:208:Infinity":66,"s:212:27:212:Infinity":67,"b:214:8:219:Infinity:217:15:219:Infinity":18,"s:214:8:219:Infinity":68,"s:215:25:215:Infinity":69,"s:216:10:216:Infinity":70,"b:216:37:216:68:216:68:216:Infinity":19,"s:218:10:218:Infinity":71,"s:221:8:221:Infinity":72,"s:222:8:222:Infinity":73,"s:223:8:223:Infinity":74,"f:223:26:223:37":10,"s:223:37:223:65":75,"b:225:8:225:Infinity:undefined:undefined:undefined:undefined":20,"s:225:8:225:Infinity":76,"b:225:12:225:38:225:38:225:67":21,"s:225:67:225:Infinity":77,"s:226:8:226:Infinity":78,"b:226:45:226:53:226:53:226:Infinity":22,"b:227:8:227:Infinity:undefined:undefined:undefined:undefined":23,"s:227:8:227:Infinity":79,"s:227:50:227:Infinity":80,"s:231:4:231:Infinity":81,"b:231:10:231:23:231:23:231:Infinity":24,"f:234:16:234:Infinity":11,"b:236:27:236:Infinity":25,"s:238:16:240:Infinity":82,"b:239:8:239:Infinity:240:8:240:Infinity":26,"b:243:4:245:Infinity:undefined:undefined:undefined:undefined":27,"s:243:4:245:Infinity":83,"b:243:8:243:39:243:39:243:64":28,"s:244:6:244:Infinity":84,"s:247:33:253:Infinity":85,"b:250:10:250:Infinity:251:10:251:Infinity":29,"b:249:10:249:39:249:39:249:67:249:67:249:Infinity":30,"s:255:21:255:Infinity":86,"s:258:19:258:Infinity":87,"s:259:4:264:Infinity":88,"s:260:6:260:Infinity":89,"s:262:19:262:Infinity":90,"f:262:45:262:51":12,"s:262:51:262:65":91,"s:263:6:263:Infinity":92,"f:271:16:271:Infinity":13,"b:273:27:273:Infinity":31,"s:275:25:275:Infinity":93,"s:276:29:278:Infinity":94,"b:277:8:277:Infinity:278:8:278:Infinity":32,"b:281:4:283:Infinity:undefined:undefined:undefined:undefined":33,"s:281:4:283:Infinity":95,"s:282:6:282:Infinity":96,"b:282:33:282:51:282:51:282:Infinity":34,"s:285:20:285:Infinity":97,"s:287:4:325:Infinity":98,"b:289:6:292:Infinity:undefined:undefined:undefined:undefined":35,"s:289:6:292:Infinity":99,"s:290:8:290:Infinity":100,"s:291:8:291:Infinity":101,"b:295:6:298:Infinity:undefined:undefined:undefined:undefined":36,"s:295:6:298:Infinity":102,"b:295:10:295:36:295:36:295:61":37,"s:296:8:296:Infinity":103,"s:297:8:297:Infinity":104,"s:300:35:303:Infinity":105,"s:305:23:305:Infinity":106,"s:308:26:308:Infinity":107,"s:309:6:314:Infinity":108,"s:310:8:310:Infinity":109,"s:312:21:312:Infinity":110,"f:312:52:312:58":14,"s:312:58:312:72":111,"s:313:8:313:Infinity":112,"s:315:6:315:Infinity":113,"b:318:6:321:Infinity:undefined:undefined:undefined:undefined":38,"s:318:6:321:Infinity":114,"s:319:8:319:Infinity":115,"s:320:8:320:Infinity":116,"s:324:6:324:Infinity":117,"s:327:4:327:Infinity":118,"f:330:10:330:25":15,"b:331:4:331:Infinity:undefined:undefined:undefined:undefined":39,"s:331:4:331:Infinity":119,"s:331:21:331:Infinity":120,"s:333:18:333:Infinity":121,"s:334:4:337:Infinity":122,"s:335:20:335:Infinity":123,"b:336:6:336:Infinity:undefined:undefined:undefined:undefined":40,"s:336:6:336:Infinity":124,"s:336:17:336:Infinity":125,"s:338:4:338:Infinity":126,"f:341:10:341:27":16,"s:342:25:342:Infinity":127,"s:344:4:352:Infinity":128,"b:345:6:345:Infinity:undefined:undefined:undefined:undefined":41,"s:345:6:345:Infinity":129,"b:345:10:345:33:345:33:345:49":42,"s:345:49:345:Infinity":130,"b:347:6:351:Infinity:349:13:351:Infinity":43,"s:347:6:351:Infinity":131,"s:348:8:348:Infinity":132,"f:348:22:348:27":17,"s:348:27:348:69":133,"s:350:8:350:Infinity":134,"s:354:24:354:Infinity":135,"s:355:4:355:Infinity":136,"b:355:25:355:45:355:45:355:Infinity":44,"f:360:8:360:20":18,"b:360:48:360:71":45,"s:361:21:361:Infinity":137,"s:362:19:362:Infinity":138,"b:363:4:363:Infinity:undefined:undefined:undefined:undefined":46,"s:363:4:363:Infinity":139,"s:363:16:363:Infinity":140,"s:365:18:365:Infinity":141,"s:366:20:366:Infinity":142,"s:367:4:367:Infinity":143,"s:368:4:368:Infinity":144,"f:374:8:374:25":19,"s:375:4:379:Infinity":145,"b:378:20:378:94:378:94:378:Infinity":47,"f:385:8:385:57":20,"s:386:20:386:Infinity":146,"s:387:4:387:Infinity":147,"f:387:23:387:28":21,"s:387:28:387:44":148,"f:390:8:390:18":22,"s:391:18:391:Infinity":149,"b:391:28:391:65:391:65:391:Infinity":48,"s:392:4:392:Infinity":150,"f:399:8:399:26":23,"s:400:21:400:Infinity":151
[...]
:9},"end":{"line":184,"column":26}},"loc":{"start":{"line":184,"column":46},"end":{"line":189,"column":null}},"line":184},"12":{"name":"deduplicateItems","decl":{"start":{"line":196,"column":9},"end":{"line":196,"column":26}},"loc":{"start":{"line":196,"column":67},"end":{"line":218,"column":null}},"line":196},"13":{"name":"registerUntrackedTools","decl":{"start":{"line":220,"column":16},"end":{"line":220,"column":39}},"loc":{"start":{"line":220,"column":58},"end":{"line":356,"column":null}},"line":220},"14":{"name":"(anonymous_14)","decl":{"start":{"line":232,"column":4},"end":{"line":232,"column":11}},"loc":{"start":{"line":232,"column":41},"end":{"line":354,"column":null}},"line":232},"15":{"name":"(anonymous_15)","decl":{"start":{"line":243,"column":38},"end":{"line":243,"column":48}},"loc":{"start":{"line":243,"column":48},"end":{"line":247,"column":11}},"line":243},"16":{"name":"(anonymous_16)","decl":{"start":{"line":262,"column":39},"end":{"line":262,"column":49}},"loc":{"start":{"line":262,"column":49},"end":{"line":265,"column":9}},"line":262},"17":{"name":"(anonymous_17)","decl":{"start":{"line":262,"column":49},"end":{"line":262,"column":61}},"loc":{"start":{"line":262,"column":61},"end":{"line":265,"column":9}},"line":262},"18":{"name":"(anonymous_18)","decl":{"start":{"line":298,"column":35},"end":{"line":298,"column":43}},"loc":{"start":{"line":298,"column":43},"end":{"line":317,"column":9}},"line":298},"19":{"name":"(anonymous_19)","decl":{"start":{"line":323,"column":22},"end":{"line":323,"column":23}},"loc":{"start":{"line":323,"column":32},"end":{"line":328,"column":9}},"line":323},"20":{"name":"(anonymous_20)","decl":{"start":{"line":336,"column":30},"end":{"line":336,"column":39}},"loc":{"start":{"line":336,"column":39},"end":{"line":348,"column":12}},"line":336}},"branchMap":{"0":{"loc":{"start":{"line":35,"column":2},"end":{"line":35,"column":null}},"type":"if","locations":[{"start":{"line":35,"column":2},"end":{"line":35,"column":null}},{"start":{},"end":{}}],"line":35},"1":{"loc":{"start":{"line":36,"column":2},"end":{"line":36,"column":null}},"type":"if","locations":[{"start":{"line":36,"column":2},"end":{"line":36,"column":null}},{"start":{},"end":{}}],"line":36},"2":{"loc":{"start":{"line":37,"column":2},"end":{"line":37,"column":null}},"type":"if","locations":[{"start":{"line":37,"column":2},"end":{"line":37,"column":null}},{"start":{},"end":{}}],"line":37},"3":{"loc":{"start":{"line":38,"column":2},"end":{"line":38,"column":null}},"type":"if","locations":[{"start":{"line":38,"column":2},"end":{"line":38,"column":null}},{"start":{},"end":{}}],"line":38},"4":{"loc":{"start":{"line":50,"column":2},"end":{"line":50,"column":null}},"type":"if","locations":[{"start":{"line":50,"column":2},"end":{"line":50,"column":null}},{"start":{},"end":{}}],"line":50},"5":{"loc":{"start":{"line":50,"column":6},"end":{"line":50,"column":35}},"type":"binary-expr","locations":[{"start":{"line":50,"column":6},"end":{"line":50,"column":21}},{"start":{"line":50,"column":21},"end":{"line":50,"column":35}}],"line":50},"6":{"loc":{"start":{"line":57,"column":2},"end":{"line":63,"column":null}},"type":"if","locations":[{"start":{"line":57,"column":2},"end":{"line":63,"column":null}},{"start":{"line":60,"column":9},"end":{"line":63,"column":null}}],"line":57},"7":{"loc":{"start":{"line":67,"column":23},"end":{"line":67,"column":null}},"type":"cond-expr","locations":[{"start":{"line":67,"column":41},"end":{"line":67,"column":46}},{"start":{"line":67,"column":46},"end":{"line":67,"column":null}}],"line":67},"8":{"loc":{"start":{"line":67,"column":46},"end":{"line":67,"column":null}},"type":"cond-expr","locations":[{"start":{"line":67,"column":64},"end":{"line":67,"column":68}},{"start":{"line":67,"column":68},"end":{"line":67,"column":null}}],"line":67},"9":{"loc":{"start":{"line":84,"column":2},"end":{"line":88,"column":null}},"type":"if","locations":[{"start":{"line":84,"column":2},"end":{"line":88,"column":null}},{"start":{},"end":{}}],"line":84},"10":{"loc":{"start":{"line":87,"column":4},"end":{"line":87,"column":null}},"type":"if","locations":[{"start":{"line":87,"column":4},"end":{"line":87,"column":null}},{"start":{},"end":{}}],"line":87},"11":{"loc":{"start":{"line":107,"column":4},"end":{"line":107,"column":null}},"type":"if","locations":[{"start":{"line":107,"column":4},"end":{"line":107,"column":null}},{"start":{},"end":{}}],"line":107},"12":{"loc":{"start":{"line":107,"column":8},"end":{"line":107,"column":46}},"type":"binary-expr","locations":[{"start":{"line":107,"column":8},"end":{"line":107,"column":22}},{"start":{"line":107,"column":22},"end":{"line":107,"column":46}}],"line":107},"13":{"loc":{"start":{"line":116,"column":6},"end":{"line":118,"column":null}},"type":"if","locations":[{"start":{"line":116,"column":6},"end":{"line":118,"column":null}},{"start":{},"end":{}}],"line":116},"14":{"loc":{"start":{"line":122,"column":6},"end":{"line":122,"column":null}},"type":"if","locations":[{"start":{"line":122,"column":6},"end":{"line":122,"column":null}},{"start":{},"end":{}}],"line":122},"15":{"loc":{"start":{"line":125,"column":6},"end":{"line":125,"column":null}},"type":"if","locations":[{"start":{"line":125,"column":6},"end":{"line":125,"column":null}},{"start":{},"end":{}}],"line":125},"16":{"loc":{"start":{"line":133,"column":6},"end":{"line":136,"column":null}},"type":"if","locations":[{"start":{"line":133,"column":6},"end":{"line":136,"column":null}},{"start":{},"end":{}}],"line":133},"17":{"loc":{"start":{"line":139,"column":6},"end":{"line":154,"column":null}},"type":"if","locations":[{"start":{"line":139,"column":6},"end":{"line":154,"column":null}},{"start":{},"end":{}}],"line":139},"18":{"loc":{"start":{"line":143,"column":8},"end":{"line":153,"column":null}},"type":"if","locations":[{"start":{"line":143,"column":8},"end":{"line":153,"column":null}},{"start":{"line":146,"column":15},"end":{"line":153,"column":null}}],"line":143},"19":{"loc":{"start":{"line":149,"column":10},"end":{"line":152,"column":null}},"type":"if","locations":[{"start":{"line":149,"column":10},"end":{"line":152,"column":null}},{"start":{},"end":{}}],"line":149},"20":{"loc":{"start":{"line":157,"column":6},"end":{"line":160,"column":null}},"type":"if","locations":[{"start":{"line":157,"column":6},"end":{"line":160,"column":null}},{"start":{},"end":{}}],"line":157},"21":{"loc":{"start":{"line":157,"column":10},"end":{"line":157,"column":47}},"type":"binary-expr","locations":[{"start":{"line":157,"column":10},"end":{"line":157,"column":27}},{"start":{"line":157,"column":27},"end":{"line":157,"column":47}}],"line":157},"22":{"loc":{"start":{"line":170,"column":22},"end":{"line":170,"column":null}},"type":"cond-expr","locations":[{"start":{"line":170,"column":37},"end":{"line":170,"column":70}},{"start":{"line":170,"column":70},"end":{"line":170,"column":null}}],"line":170},"23":{"loc":{"start":{"line":204,"column":4},"end":{"line":207,"column":null}},"type":"if","locations":[{"start":{"line":204,"column":4},"end":{"line":207,"column":null}},{"start":{},"end":{}}],"line":204},"24":{"loc":{"start":{"line":210,"column":4},"end":{"line":214,"column":null}},"type":"if","locations":[{"start":{"line":210,"column":4},"end":{"line":214,"column":null}},{"start":{"line":212,"column":4},"end":{"line":214,"column":null}}],"line":210},"25":{"loc":{"start":{"line":210,"column":8},"end":{"line":210,"column":53}},"type":"binary-expr","locations":[{"start":{"line":210,"column":8},"end":{"line":210,"column":34}},{"start":{"line":210,"column":34},"end":{"line":210,"column":53}}],"line":210},"26":{"loc":{"start":{"line":212,"column":4},"end":{"line":214,"column":null}},"type":"if","locations":[{"start":{"line":212,"column":4},"end":{"line":214,"column":null}},{"start":{},"end":{}}],"line":212},"27":{"loc":{"start":{"line":212,"column":15},"end":{"line":212,"column":104}},"type":"binary-expr","locations":[{"start":{"line":212,"column":15},"end":{"line":212,"column":40}},{"start":{"line":212,"column":40},"end":{"line":212,"column":61}},{"start":{"line":212,"column":61},"end":{"line":212,"column":104}}],"line":212},"28":{"loc":{"start":{"line":236,"column":8},"end":{"line":248,"column":null}},"type":"if","locations":[{"start":{"line":236,"column":8},"end":{"line":248,"column":null}},{"start":{"line":239,"column":15},"end":{"line":248,"column":null}}],"line":236},"29":{"loc":{"start":{"line":244,"column":28},"end":{"line":244,"column":null}},"type":"binary-expr","locations":[{"start":{"line":244,"column":28},"end":{"line":244,"column":51}},{"start":{"line":244,"column":51},"end":{"line":244,"column":null}}],"line":244},"30":{"loc":{"start":{"line":245,"column":12},"end":{"line":245,"column":null}},"type":"if","locations":[{"start":{"line":245,"column":12},"end":{"line":245,"column":null}},{"start":{},"end":{}}],"line":245},"31":{"loc":{"start":{"line":250,"column":8},"end":{"line":259,"column":null}},"type":"if","locations":[{"start":{"line":250,"column":8},"end":{"line":259,"column":null}},{"start":{},"end":{}}],"line":250},"32":{"loc":{"start":{"line":275,"column":10},"end":{"line":275,"column":null}},"type":"if","locations":[{"start":{"line":275,"column":10},"end":{"line":275,"column":null}},{"start":{},"end":{}}],"line":275},"33":{"loc":{"start":{"line":294,"column":10},"end":{"line":294,"column":null}},"type":"if","locations":[{"start":{"line":294,"column":10},"end":{"line":294,"column":null}},{"start":{},"end":{}}],"line":294},"34":{"loc":{"start":{"line":299,"column":10},"end":{"line":306,"column":null}},"type":"if","locations":[{"start":{"line":299,"column":10},"end":{"line":306,"column":null}},{"start":{},"end":{}}],"line":299},"35":{"loc":{"start":{"line":305,"column":19},"end":{"line":305,"column":null}},"type":"binary-expr","locations":[{"start":{"line":305,"column":19},"end":{"line":305,"column":44}},{"start":{"line":305,"column":44},"end":{"line":305,"column":null}}],"line":305},"36":{"loc":{"start":{"line":310,"column":31},"end":{"line":310,"column":null}},"type":"binary-expr","locations":[{"start":{"line":310,"column":31},"end":{"line":310,"column":69}},{"start":{"line":310,"column":69},"end":{"line":310,"column":null}}],"line":310},"37":{"loc":{"start":{"line":316,"column":17},"end":{"line":316,"column":null}},"type":"binary-expr","locations":[{"start":{"line":316,"column":17},"end":{"line":316,"column":65}},{"start":{"line":316,"column":65},"end":{"line":316,"column":null}}],"line":316},"38":{"loc":{"start":{"line":324,"column":10},"end":{"line":324,"column":null}},"type":"if","locations":[{"start":{"line":324,"column":10},"end":{"line":324,"column":null}},{"start":{},"end":{}}],"line":324},"39":{"loc":{"start":{"line":324,"column":14},"end":{"line":324,"column":50}},"type":"binary-expr","locations":[{"start":{"line":324,"column":14},"end":{"line":324,"column":33}},{"start":{"line":324,"column":33},"end":{"line":324,"column":50}}],"line":324},"40":{"loc":{"start":{"line":325,"column":10},"end":{"line":325,"column":null}},"type":"if","locations":[{"start":{"line":325,"column":10},"end":{"line":325,"column":null}},{"start":{},"end":{}}],"line":325},"41":{"loc":{"start":{"line":326,"column":10},"end":{"line":326,"column":null}},"type":"if","locations":[{"start":{"line":326,"column":10},"end":{"line":326,"column":null}},{"start":{},"end":{}}],"line":326}},"s":{"0":0,"1":0,"2":0,"3":0,"4":0,"5":0,"6":0,"7":0,"8":0,"9":0,"10":0,"11":0,"12":0,"13":0,"14":0,"15":0,"16":0,"17":0,"18":0,"19":0,"20":0,"21":0,"22":0,"23":0,"24":0,"25":0,"26":0,"27":0,"28":0,"29":0,"30":0,"31":0,"32":0,"33":0,"34":0,"35":0,"36":0,"37":0,"38":0,"39":0,"40":0,"41":0,"42":0,"43":0,"44":0,"45":0,"46":0,"47":0,"48":0,"49":0,"50":0,"51":0,"52":0,"53":0,"54":0,"55":0,"56":0,"57":0,"58":0,"59":0,"60":0,"61":0,"62":0,"63":0,"64":0,"65":0,"66":0,"67":0,"68":0,"69":0,"70":0,"71":0,"72":0,"73":0,"74":0,"75":0,"76":0,"77":0,"78":0,"79":0,"80":0,"81":0,"82":0,"83":0,"84":0,"85":0,"86":0,"87":0,"88":0,"89":0,"90":0,"91":0,"92":0,"93":0,"94":0,"95":0,"96":0,"97":0,"98":0,"99":0,"100":0,"101":0,"102":0,"103":0,"104":0,"105":0,"106":0,"107":0,"108":0,"109":0,"110":0,"111":0,"112":0,"113":0,"114":0,"115":0,"116":0,"117":0,"118":0,"119":0,"120":0,"121":0,"122":0,"123":0,"124":0,"125":0,"126":0,"127":0,"128":0,"129":0,"130":0,"131":0,"132":0,"133":0,"134":0,"135":0,"136":0,"137":0,"138":0,"139":0,"140":0,"141":0,"142":0,"143":0,"144":0,"145":0,"146":0,"147":0,"148":0,"149":0,"150":0,"151":0,"152":0,"153":0,"154":0,"155":0,"156":0},"f":{"0":0,"1":0,"2":0,"3":0,"4":0,"5":0,"6":0,"7":0,"8":0,"9":0,"10":0,"11":0,"12":0,"13":0,"14":0,"15":0,"16":0,"17":0,"18":0,"19":0,"20":0},"b":{"0":[0,0],"1":[0,0],"2":[0,0],"3":[0,0],"4":[0,0],"5":[0,0],"6":[0,0],"7":[0,0],"8":[0,0],"9":[0,0],"10":[0,0],"11":[0,0],"12":[0,0],"13":[0,0],"14":[0,0],"15":[0,0],"16":[0,0],"17":[0,0],"18":[0,0],"19":[0,0],"20":[0,0],"21":[0,0],"22":[0,0],"23":[0,0],"24":[0,0],"25":[0,0],"26":[0,0],"27":[0,0,0],"28":[0,0],"29":[0,0],"30":[0,0],"31":[0,0],"32":[0,0],"33":[0,0],"34":[0,0],"35":[0,0],"36":[0,0],"37":[0,0],"38":[0,0],"39":[0,0],"40":[0,0],"41":[0,0]},"meta":{"lastBranch":42,"lastFunction":21,"lastStatement":157,"seen":{"s:8:24:8:Infinity":0,"s:9:21:9:Infinity":1,"s:10:25:10:Infinity":2,"s:11:27:11:Infinity":3,"f:31:16:31:34":0,"s:32:16:32:Infinity":4,"b:35:2:35:Infinity:undefined:undefined:undefined:undefined":0,"s:35:2:35:Infinity":5,"f:35:27:35:33":1,"s:35:33:35:51":6,"s:35:54:35:Infinity":7,"b:36:2:36:Infinity:undefined:undefined:undefined:undefined":1,"s:36:2:36:Infinity":8,"f:36:24:36:30":2,"s:36:30:36:48":9,"s:36:51:36:Infinity":10,"b:37:2:37:Infinity:undefined:undefined:undefined:undefined":2,"s:37:2:37:Infinity":11,"f:37:28:37:34":3,"s:37:34:37:52":12,"s:37:55:37:Infinity":13,"b:38:2:38:Infinity:undefined:undefined:undefined:undefined":3,"s:38:2:38:Infinity":14,"f:38:30:38:36":4,"s:38:36:38:54":15,"s:38:57:38:Infinity":16,"s:40:2:40:Infinity":17,"f:49:9:49:26":5,"b:50:2:50:Infinity:undefined:undefined:undefined:undefined":4,"s:50:2:50:Infinity":18,"b:50:6:50:21:50:21:50:35":5,"s:50:35:50:Infinity":19,"s:52:14:52:Infinity":20,"s:53:23:53:Infinity":21,"b:57:2:63:Infinity:60:9:63:Infinity":6,"s:57:2:63:Infinity":22,"s:59:4:59:Infinity":23,"s:62:4:62:Infinity":24,"s:66:20:66:Infinity":25,"s:67:23:67:Infinity":26,"b:67:41:67:46:67:46:67:Infinity":7,"b:67:64:67:68:67:68:67:Infinity":8,"s:68:22:68:Infinity":27,"s:69:2:69:Infinity":28,"s:72:21:72:Infinity":29,"s:73:2:73:Infinity":30,"s:74:2:74:Infinity":31,"f:81:9:81:33":6,"s:83:20:83:Infinity":32,"b:84:2:88:Infinity:undefined:undefined:undefined:undefined":9,"s:84:2:88:Infinity":33,"s:85:20:85:Infinity":34,"s:86:17:86:Infinity":35,"b:87:4:87:Infinity:undefined:undefined:undefined:undefined":10,"s:87:4:87:Infinity":36,"s:87:14:87:Infinity":37,"s:91:2:91:Infinity":38,"f:98:9:98:Infinity":7,"s:104:33:104:Infinity":39,"s:106:2:176:Infinity":40,"b:107:4:107:Infinity:undefined:undefined:undefined:undefined":11,"s:107:4:107:Infinity":41,"b:107:8:107:22:107:22:107:46":12,"s:107:46:107:Infinity":42,"s:110:31:110:Infinity":43,"s:113:41:113:Infinity":44,"s:114:4:119:Infinity":45,"s:115:12:115:Infinity":46,"b:116:6:118:Infinity:undefined:undefined:undefined:undefined":13,"s:116:6:118:Infinity":47,"s:117:8:117:Infinity":48,"s:121:4:175:Infinity":49,"b:122:6:122:Infinity:undefined:undefined:undefined:undefined":14,"s:122:6:122:Infinity":50,"s:122:37:122:Infinity":51,"s:124:23:124:Infinity":52,"b:125:6:125:Infinity:undefined:undefined:undefined:undefined":15,"s:125:6:125:Infinity":53,"s:125:21:125:Infinity":54,"s:128:38:128:Infinity":55,"s:129:35:129:Infinity":56,"s:132:12:132:Infinity":57,"b:133:6:136:Infinity:undefined:undefined:undefined:undefined":16,"s:133:6:136:Infinity":58,"s:134:8:134:Infinity":59,"s:135:8:135:Infinity":60,"b:139:6:154:Infinity:undefined:undefined:undefined:undefined":17,"s:139:6:154:Infinity":61,"s:140:32:140:Infinity":62,"f:140:66:140:67":8,"s:140:76:140:81":63,"s:142:29:142:Infinity":64,"f:142:50:142:57":9,"s:142:57:142:76":65,"b:143:8:153:Infinity:146:15:153:Infinity":18,"s:143:8:153:Infinity":66,"s:144:10:144:Infinity":67,"s:145:10:145:Infinity":68,"s:148:37:148:Infinity":69,"f:148:60:148:67":10,"s:148:67:148:86":70,"b:149:10:152:Infinity:undefined:undefined:undefined:undefined":19,"s:149:10:152:Infinity":71,"s:150:12:150:Infinity":72,"s:151:12:151:Infinity":73,"b:157:6:160:Infinity:undefined:undefined:undefined:undefined":20,"s:157:6:160:Infinity":74,"b:157:10:157:27:157:27:157:47":21,"s:158:8:158:Infinity":75,"s:159:8:159:Infinity":76,"s:165:6:174:Infinity":77,"b:170:37:170:70:170:70:170:Infinity":22,"s:178:2:178:Infinity":78,"f:184:9:184:26":11,"s:185:15:185:Infinity":79,"s:186:16:186:Infinity":80,"s:187:14:187:Infinity":81,"s:188:2:188:Infinity":82,"f:196:9:196:26":12,"s:197:15:197:Infinity":83,"s:199:2:215:Infinity":84,"s:201:16:201:Infinity":85,"s:202:21:202:Infinity":86,"b:204:4:207:Infinity:undefined:undefined:undefined:undefined":23,"s:204:4:207:Infinity":87,"s:205:6:205:Infinity":88,"s:206:6:206:Infinity":89,"b:210:4:214:Infinity:212:4:214:Infinity":24,"s:210:4:214:Infinity":90,"b:210:8:210:34:210:34:210:53":25,"s:211:6:211:Infinity":91,"b:212:4:214:Infinity:undefined:undefined:undefined:undefined":26,"s:212:4:214:Infinity":92,"b:212:15:212:40:212:40:212:61:212:61:212:104":27,"s:213:6:213:Infinity":93,"s:217:2:217:Infinity":94,"f:220:16:220:39":13,"s:221:8:221:Infinity":95,"s:223:2:355:Infinity":96,"f:232:4:232:11":14,"s:233:6:353:Infinity":97,"b:236:8:248:Infinity:239:15:248:Infinity":28,"s:236:8:248:Infinity":98,"s:237:25:237:Infinity":99,"s:238:10:238:Infinity":100,"s:240:29:240:Infinity":101,"s:242:22:242:Infinity":102,"s:243:10:247:Infinity":103,"f:243:38:243:48":15,"s:244:28:244:Infinity":104,"b:244:28:244:51:244:51:244:Infinity":29,"b:245:12:245:Infinity:undefined:undefined:undefined:undefined":30,"s:245:12:245:Infinity":105,"s:245:26:245:Infinity":106,"s:246:12:246:Infinity":107,"b:250:8:259:Infinity:undefined:undefined:undefined:undefined":31,"s:250:8:259:Infinity":108,"s:251:10:258:Infinity":109,"s:262:27:265:Infinity":110,"f:262:39:262:49":16,"s:262:49:265:9":111,"f:262:49:262:61":17,"s:263:26:263:Infinity":112,"s:264:10:264:Infinity":113,"s:267:24:267:Infinity":114,"s:270:14:270:Infinity":115,"s:271:40:271:Infinity":116,"s:272:41:272:Infinity":117,"s:274:8:281:Infinity":118,"b:275:10:275:Infinity:undefined:undefined:undefined:undefined":32,"s:275:10:275:Infinity":119,"s:275:45:275:Infinity":120,"s:276:38:276:Infinity":121,"s:277:10:277:Infinity":122,"s:279:30:279:Infinity":123,"s:280:10:280:Infinity":124,"s:284:20:284:Infinity":125,"s:285:8:285:Infinity":126,"s:286:23:286:Infinity":127,"s:287:8:287:Infinity":128,"s:292:32:292:Infinity":129,"s:293:8:296:Infinity":130,"b:294:10:294:Infinity:undefined:undefined:undefined:undefined":33,"s:294:10:294:Infinity":131,"s:294:45:294:Infinity":132,"s:295:10:295:Infinity":133,"s:298:8:317:Infinity":134,"f:298:35:298:43":18,"b:299:10:306:Infinity:undefined:undefined:undefined:undefined":34,"s:299:10:306:Infinity":135,"s:300:29:300:Infinity":136,"s:303:30:303:Infinity":137,"s:304:12:304:Infinity":138,"s:305:12:305:Infinity":139,"b:305:19:305:44:305:44:305:Infinity":35,"s:310:31:310:Infinity":140,"b:310:31:310:69:310:69:310:Infinity":36,"s:311:34:311:Infinity":141,"s:314:39:314:Infinity":142,"s:315:40:315:Infinity":143,"s:316:10:316:Infinity":144,"b:316:17:316:65:316:65:316:Infinity":37,"s:320:8:320:Infinity":145,"s:323:8:328:Infinity":146,"f:323:22:323:23":19,"b:324:10:324:Infinity:undefined:undefined:undefined:undefined":38,"s:324:10:324:Infinity":147,"b:324:14:324:33:324:33:324:50":39,"s:324:50:324:Infinity":148,"b:325:10:325:Infinity:undefined:undefined:undefined:undefined":40,"s:325:10:325:Infinity":149,"s:325:31:325:Infinity":150,"b:326:10:326:Infinity:undefined:undefined:undefined:undefined":41,"s:326:10:326:Infinity":151,"s:326:31:326:Infinity":152,"s:327:10:327:Infinity":153,"s:331:8:350:Infinity":154,"f:336:30:336:39":20,"s:336:39:348:12":155,"s:352:8:352:Infinity":156}}}
}
